<?xml version="1.0" encoding="utf-8" ?>
<!-- DO NOT EDIT THIS FILE -->

<log version='2.0' source='tcet'>
	<!-- Sampling enabled with the following: -->
	<!--     Budget                              5: -->
	<!--     Overdraft Budget                   75: -->
	<!--     Savings Budget                      2: -->
	<!-- Opened annotation file /app/intel/inspector_xe_2016.1.0.423441/lib64/../config/tc/qt.ant -->
	<!-- Opened annotation file /app/intel/inspector_xe_2016.1.0.423441/lib64/../config/tc/cpp11.ant -->
	<!-- Opened annotation file /app/intel/inspector_xe_2016.1.0.423441/lib64/../config/tc/fortran.ant -->
	<!-- Opened annotation file /app/intel/inspector_xe_2016.1.0.423441/lib64/../config/tc/icl.ant -->
	<msg id='1' display='false' source='tccore'>
		<type>START</type>
		<severity>INFO</severity>
		<timestamp>Tue Jan 17 10:47:53 2017</timestamp>
	</msg>
	<!-- Successfully loaded CCRT 12.16.2 at address 0x7fa7e1464000 - 0x7fa7e147e000 -->
	<!-- Successfully loaded the TC Analysis Core 7.2.16 at address 0x7fa7cf409000 - 0x7fa7cf446000 -->
	<!-- Successfully loaded the TC Instrumentation Engine 7.2.16 at address 0x7fa7e1ada000 - 0x7fa7e1e29000 -->
	<!-- This is the instance of interest -->
	<msg id='2' source='tcet'>
		<type>EXEC_OF_INTEREST</type>
		<severity>INFO</severity>
		<timestamp>Tue Jan 17 10:47:53 2017</timestamp>
		<arg name='process'>/home/imiolek_1102507/Materialy/PRiR/6/a.out</arg>
		<arg name='pid'>6556</arg>
	</msg>
	<msg id='3' source='tcet'>
		<type>LOAD_MODULE</type>
		<severity>INFO</severity>
		<timestamp>Tue Jan 17 10:47:53 2017</timestamp>
		<arg name='module'>/home/imiolek_1102507/Materialy/PRiR/6/a.out</arg>
		<arg name='basement'>0x400000</arg>
		<arg name='ceiling'>0x6047ff</arg>
	</msg>
	<msg id='4' source='tcet'>
		<type>LOAD_MODULE</type>
		<severity>INFO</severity>
		<timestamp>Tue Jan 17 10:47:53 2017</timestamp>
		<arg name='module'>/lib64/ld-linux-x86-64.so.2</arg>
		<arg name='basement'>0x7fa7e25fe000</arg>
		<arg name='ceiling'>0x7fa7e281f1c7</arg>
	</msg>
	<msg id='5' source='tcet'>
		<type>LOAD_MODULE</type>
		<severity>INFO</severity>
		<timestamp>Tue Jan 17 10:47:53 2017</timestamp>
		<arg name='module'>/app/intel/compilers_and_libraries_2016.0.109/linux/compiler/lib/intel64/libimf.so</arg>
		<arg name='basement'>0x7fa7ce1c8000</arg>
		<arg name='ceiling'>0x7fa7ce6bfc2f</arg>
	</msg>
	<msg id='6' source='tcet'>
		<type>LOAD_MODULE</type>
		<severity>INFO</severity>
		<timestamp>Tue Jan 17 10:47:53 2017</timestamp>
		<arg name='module'>/app/intel/compilers_and_libraries_2016.0.109/linux/compiler/lib/intel64/libsvml.so</arg>
		<arg name='basement'>0x7fa7cd2eb000</arg>
		<arg name='ceiling'>0x7fa7ce1a9f17</arg>
	</msg>
	<msg id='7' source='tcet'>
		<type>LOAD_MODULE</type>
		<severity>INFO</severity>
		<timestamp>Tue Jan 17 10:47:53 2017</timestamp>
		<arg name='module'>/app/intel/compilers_and_libraries_2016.0.109/linux/compiler/lib/intel64/libirng.so</arg>
		<arg name='basement'>0x7fa7cd0ba000</arg>
		<arg name='ceiling'>0x7fa7cd2c18d7</arg>
	</msg>
	<msg id='8' source='tcet'>
		<type>LOAD_MODULE</type>
		<severity>INFO</severity>
		<timestamp>Tue Jan 17 10:47:53 2017</timestamp>
		<arg name='module'>/lib/x86_64-linux-gnu/libm.so.6</arg>
		<arg name='basement'>0x7fa7ccddb000</arg>
		<arg name='ceiling'>0x7fa7cd05c0e7</arg>
	</msg>
	<msg id='9' source='tcet'>
		<type>LOAD_MODULE</type>
		<severity>INFO</severity>
		<timestamp>Tue Jan 17 10:47:53 2017</timestamp>
		<arg name='module'>/app/intel/compilers_and_libraries_2016.0.109/linux/compiler/lib/intel64/libiomp5.so</arg>
		<arg name='basement'>0x7fa7cca9a000</arg>
		<arg name='ceiling'>0x7fa7ccddabdf</arg>
	</msg>
	<msg id='10' source='tcet'>
		<type>LOAD_MODULE</type>
		<severity>INFO</severity>
		<timestamp>Tue Jan 17 10:47:53 2017</timestamp>
		<arg name='module'>/usr/lib/x86_64-linux-gnu/libstdc++.so.6</arg>
		<arg name='basement'>0x7fa7cc790000</arg>
		<arg name='ceiling'>0x7fa7cca964bf</arg>
	</msg>
	<msg id='11' source='tcet'>
		<type>LOAD_MODULE</type>
		<severity>INFO</severity>
		<timestamp>Tue Jan 17 10:47:53 2017</timestamp>
		<arg name='module'>/lib/x86_64-linux-gnu/libgcc_s.so.1</arg>
		<arg name='basement'>0x7fa7cc575000</arg>
		<arg name='ceiling'>0x7fa7cc78a677</arg>
	</msg>
	<msg id='12' source='tcet'>
		<type>LOAD_MODULE</type>
		<severity>INFO</severity>
		<timestamp>Tue Jan 17 10:47:53 2017</timestamp>
		<arg name='module'>/app/intel/compilers_and_libraries_2016.0.109/linux/compiler/lib/intel64/libintlc.so.5</arg>
		<arg name='basement'>0x7fa7cc316000</arg>
		<arg name='ceiling'>0x7fa7cc574a9f</arg>
	</msg>
	<msg id='13' source='tcet'>
		<type>LOAD_MODULE</type>
		<severity>INFO</severity>
		<timestamp>Tue Jan 17 10:47:53 2017</timestamp>
		<arg name='module'>/lib/x86_64-linux-gnu/libpthread.so.0</arg>
		<arg name='basement'>0x7fa7cc0fa000</arg>
		<arg name='ceiling'>0x7fa7cc31539f</arg>
	</msg>
	<msg id='14' source='tcet'>
		<type>LOAD_MODULE</type>
		<severity>INFO</severity>
		<timestamp>Tue Jan 17 10:47:53 2017</timestamp>
		<arg name='module'>/lib/x86_64-linux-gnu/libc.so.6</arg>
		<arg name='basement'>0x7fa7cbd69000</arg>
		<arg name='ceiling'>0x7fa7cc0f5837</arg>
	</msg>
	<msg id='15' source='tcet'>
		<type>LOAD_MODULE</type>
		<severity>INFO</severity>
		<timestamp>Tue Jan 17 10:47:53 2017</timestamp>
		<arg name='module'>/lib/x86_64-linux-gnu/libdl.so.2</arg>
		<arg name='basement'>0x7fa7cbb61000</arg>
		<arg name='ceiling'>0x7fa7cbd640ff</arg>
	</msg>
	<msg id='16' source='tcet'>
		<type>LOAD_MODULE</type>
		<severity>INFO</severity>
		<timestamp>Tue Jan 17 10:47:54 2017</timestamp>
		<arg name='module'>/app/intel/inspector_xe_2016.1.0.423441/lib64/runtime/libittnotify.so</arg>
		<arg name='basement'>0x7fa7caae4000</arg>
		<arg name='ceiling'>0x7fa7cacf08df</arg>
	</msg>
	<msg id='17' display='false' source='tcet'>
		<type>HEARTBEAT</type>
		<severity>INFO</severity>
		<timestamp>Tue Jan 17 10:47:54 2017</timestamp>
		<arg name='tids'>6556</arg>
		<arg name='syscalls'>0</arg>
		<arg name='calls'>35967</arg>
	</msg>
	<msg id='18' display='false' source='tcet'>
		<type>THREADNAME</type>
		<severity>INFO</severity>
		<timestamp>Tue Jan 17 10:47:55 2017</timestamp>
		<arg name='tid'>6556</arg>
		<arg name='name'>OMP Master Thread #0</arg>
	</msg>
	<msg id='19' display='false' source='tcet'>
		<type>HEARTBEAT</type>
		<severity>INFO</severity>
		<timestamp>Tue Jan 17 10:47:55 2017</timestamp>
		<arg name='tids'>6556</arg>
		<arg name='syscalls'>0</arg>
		<arg name='calls'>3608926</arg>
	</msg>
	<msg id='20' display='false' source='tcet'>
		<type>HEARTBEAT</type>
		<severity>INFO</severity>
		<timestamp>Tue Jan 17 10:47:56 2017</timestamp>
		<arg name='tids'>6556</arg>
		<arg name='syscalls'>0</arg>
		<arg name='calls'>12620005</arg>
	</msg>
	<msg id='21' display='false' source='tcet'>
		<type>HEARTBEAT</type>
		<severity>INFO</severity>
		<timestamp>Tue Jan 17 10:47:57 2017</timestamp>
		<arg name='tids'>6556</arg>
		<arg name='syscalls'>0</arg>
		<arg name='calls'>12676766</arg>
	</msg>
	<msg id='22' display='false' source='tcet'>
		<type>HEARTBEAT</type>
		<severity>INFO</severity>
		<timestamp>Tue Jan 17 10:47:58 2017</timestamp>
		<arg name='tids'>6556</arg>
		<arg name='syscalls'>0</arg>
		<arg name='calls'>12632643</arg>
	</msg>
	<msg id='23' display='false' source='tcet'>
		<type>HEARTBEAT</type>
		<severity>INFO</severity>
		<timestamp>Tue Jan 17 10:47:59 2017</timestamp>
		<arg name='tids'>6556</arg>
		<arg name='syscalls'>0</arg>
		<arg name='calls'>12590409</arg>
	</msg>
	<msg id='24' display='false' source='tcet'>
		<type>HEARTBEAT</type>
		<severity>INFO</severity>
		<timestamp>Tue Jan 17 10:48:00 2017</timestamp>
		<arg name='tids'>6556</arg>
		<arg name='syscalls'>0</arg>
		<arg name='calls'>12566152</arg>
	</msg>
	<msg id='25' display='false' source='tcet'>
		<type>HEARTBEAT</type>
		<severity>INFO</severity>
		<timestamp>Tue Jan 17 10:48:01 2017</timestamp>
		<arg name='tids'>6556</arg>
		<arg name='syscalls'>0</arg>
		<arg name='calls'>12568604</arg>
	</msg>
	<msg id='26' display='false' source='tcet'>
		<type>HEARTBEAT</type>
		<severity>INFO</severity>
		<timestamp>Tue Jan 17 10:48:02 2017</timestamp>
		<arg name='tids'>6556</arg>
		<arg name='syscalls'>0</arg>
		<arg name='calls'>12590205</arg>
	</msg>
	<msg id='27' display='false' source='tcet'>
		<type>HEARTBEAT</type>
		<severity>INFO</severity>
		<timestamp>Tue Jan 17 10:48:03 2017</timestamp>
		<arg name='tids'>6556</arg>
		<arg name='syscalls'>0</arg>
		<arg name='calls'>12601316</arg>
	</msg>
	<msg id='28' display='false' source='tcet'>
		<type>HEARTBEAT</type>
		<severity>INFO</severity>
		<timestamp>Tue Jan 17 10:48:04 2017</timestamp>
		<arg name='tids'>6556</arg>
		<arg name='syscalls'>0</arg>
		<arg name='calls'>12701853</arg>
	</msg>
	<msg id='29' display='false' source='tcet'>
		<type>HEARTBEAT</type>
		<severity>INFO</severity>
		<timestamp>Tue Jan 17 10:48:05 2017</timestamp>
		<arg name='tids'>6556</arg>
		<arg name='syscalls'>0</arg>
		<arg name='calls'>25368192</arg>
	</msg>
	<msg id='30' display='false' source='tcet'>
		<type>HEARTBEAT</type>
		<severity>INFO</severity>
		<timestamp>Tue Jan 17 10:48:06 2017</timestamp>
		<arg name='tids'>6556</arg>
		<arg name='syscalls'>0</arg>
		<arg name='calls'>12610354</arg>
	</msg>
	<msg id='31' display='false' source='tcet'>
		<type>HEARTBEAT</type>
		<severity>INFO</severity>
		<timestamp>Tue Jan 17 10:48:07 2017</timestamp>
		<arg name='tids'>6556</arg>
		<arg name='syscalls'>0</arg>
		<arg name='calls'>12697801</arg>
	</msg>
	<msg id='32' display='false' source='tcet'>
		<type>HEARTBEAT</type>
		<severity>INFO</severity>
		<timestamp>Tue Jan 17 10:48:08 2017</timestamp>
		<arg name='tids'>6556</arg>
		<arg name='syscalls'>0</arg>
		<arg name='calls'>25249898</arg>
	</msg>
	<msg id='33' display='false' source='tcet'>
		<type>HEARTBEAT</type>
		<severity>INFO</severity>
		<timestamp>Tue Jan 17 10:48:09 2017</timestamp>
		<arg name='tids'>6556</arg>
		<arg name='syscalls'>0</arg>
		<arg name='calls'>12662585</arg>
	</msg>
	<msg id='34' display='false' source='tcet'>
		<type>HEARTBEAT</type>
		<severity>INFO</severity>
		<timestamp>Tue Jan 17 10:48:10 2017</timestamp>
		<arg name='tids'>6556</arg>
		<arg name='syscalls'>0</arg>
		<arg name='calls'>12720336</arg>
	</msg>
	<msg id='35' display='false' source='tcet'>
		<type>HEARTBEAT</type>
		<severity>INFO</severity>
		<timestamp>Tue Jan 17 10:48:11 2017</timestamp>
		<arg name='tids'>6556</arg>
		<arg name='syscalls'>0</arg>
		<arg name='calls'>12715880</arg>
	</msg>
	<msg id='36' display='false' source='tcet'>
		<type>HEARTBEAT</type>
		<severity>INFO</severity>
		<timestamp>Tue Jan 17 10:48:12 2017</timestamp>
		<arg name='tids'>6556</arg>
		<arg name='syscalls'>0</arg>
		<arg name='calls'>12719085</arg>
	</msg>
	<msg id='37' display='false' source='tcet'>
		<type>HEARTBEAT</type>
		<severity>INFO</severity>
		<timestamp>Tue Jan 17 10:48:13 2017</timestamp>
		<arg name='tids'>6556</arg>
		<arg name='syscalls'>0</arg>
		<arg name='calls'>12722747</arg>
	</msg>
	<msg id='38' display='false' source='tcet'>
		<type>HEARTBEAT</type>
		<severity>INFO</severity>
		<timestamp>Tue Jan 17 10:48:14 2017</timestamp>
		<arg name='tids'>6556</arg>
		<arg name='syscalls'>0</arg>
		<arg name='calls'>25429808</arg>
	</msg>
	<msg id='39' source='tccore'>
		<type>CTSA_NO_STACK</type>
		<severity>WARNING</severity>
		<timestamp>Tue Jan 17 10:48:14 2017</timestamp>
	</msg>
	<msg id='40' display='false' source='tcet'>
		<type>THREADNAME</type>
		<severity>INFO</severity>
		<timestamp>Tue Jan 17 10:48:15 2017</timestamp>
		<arg name='tid'>6579</arg>
		<arg name='name'>OMP Worker Thread #1</arg>
	</msg>
	<msg id='41' display='false' source='tcet'>
		<type>HEARTBEAT</type>
		<severity>INFO</severity>
		<timestamp>Tue Jan 17 10:48:15 2017</timestamp>
		<arg name='tids'>6579,6578,6556</arg>
		<arg name='syscalls'>0,1,0</arg>
		<arg name='calls'>1753364,207,6839431</arg>
	</msg>
	<msg id='42' display='false' source='tcet'>
		<type>HEARTBEAT</type>
		<severity>INFO</severity>
		<timestamp>Tue Jan 17 10:48:16 2017</timestamp>
		<arg name='tids'>6579,6578,6556</arg>
		<arg name='syscalls'>0,1,0</arg>
		<arg name='calls'>6895598,36,6867263</arg>
	</msg>
	<msg id='43' display='false' source='tcet'>
		<type>HEARTBEAT</type>
		<severity>INFO</severity>
		<timestamp>Tue Jan 17 10:48:17 2017</timestamp>
		<arg name='tids'>6579,6578,6556</arg>
		<arg name='syscalls'>0,1,0</arg>
		<arg name='calls'>9340309,45,9349302</arg>
	</msg>
	<msg id='44' display='false' source='tcet'>
		<type>HEARTBEAT</type>
		<severity>INFO</severity>
		<timestamp>Tue Jan 17 10:48:18 2017</timestamp>
		<arg name='tids'>6579,6578,6556</arg>
		<arg name='syscalls'>0,1,0</arg>
		<arg name='calls'>9353851,45,9369820</arg>
	</msg>
	<msg id='45' display='false' source='tcet'>
		<type>HEARTBEAT</type>
		<severity>INFO</severity>
		<timestamp>Tue Jan 17 10:48:19 2017</timestamp>
		<arg name='tids'>6579,6578,6556</arg>
		<arg name='syscalls'>0,1,0</arg>
		<arg name='calls'>9327605,45,9333583</arg>
	</msg>
	<msg id='46' display='false' source='tcet'>
		<type>HEARTBEAT</type>
		<severity>INFO</severity>
		<timestamp>Tue Jan 17 10:48:20 2017</timestamp>
		<arg name='tids'>6579,6578,6556</arg>
		<arg name='syscalls'>0,1,0</arg>
		<arg name='calls'>9354607,45,9364397</arg>
	</msg>
	<msg id='47' display='false' source='tcet'>
		<type>HEARTBEAT</type>
		<severity>INFO</severity>
		<timestamp>Tue Jan 17 10:48:21 2017</timestamp>
		<arg name='tids'>6579,6578,6556</arg>
		<arg name='syscalls'>0,1,0</arg>
		<arg name='calls'>9347795,45,9361357</arg>
	</msg>
	<msg id='48' display='false' source='tcet'>
		<type>HEARTBEAT</type>
		<severity>INFO</severity>
		<timestamp>Tue Jan 17 10:48:22 2017</timestamp>
		<arg name='tids'>6579,6578,6556</arg>
		<arg name='syscalls'>0,1,0</arg>
		<arg name='calls'>9351380,45,9348052</arg>
	</msg>
	<msg id='49' display='false' source='tcet'>
		<type>HEARTBEAT</type>
		<severity>INFO</severity>
		<timestamp>Tue Jan 17 10:48:23 2017</timestamp>
		<arg name='tids'>6579,6578,6556</arg>
		<arg name='syscalls'>0,1,0</arg>
		<arg name='calls'>9302276,45,9326741</arg>
	</msg>
	<msg id='50' display='false' source='tcet'>
		<type>HEARTBEAT</type>
		<severity>INFO</severity>
		<timestamp>Tue Jan 17 10:48:24 2017</timestamp>
		<arg name='tids'>6579,6578,6556</arg>
		<arg name='syscalls'>0,1,0</arg>
		<arg name='calls'>9362178,45,18701930</arg>
	</msg>
	<msg id='51' display='false' source='tcet'>
		<type>HEARTBEAT</type>
		<severity>INFO</severity>
		<timestamp>Tue Jan 17 10:48:25 2017</timestamp>
		<arg name='tids'>6579,6578,6556</arg>
		<arg name='syscalls'>0,1,0</arg>
		<arg name='calls'>9161381,45,27965109</arg>
	</msg>
	<msg id='52' display='false' source='tcet'>
		<type>HEARTBEAT</type>
		<severity>INFO</severity>
		<timestamp>Tue Jan 17 10:48:26 2017</timestamp>
		<arg name='tids'>6579,6578,6556</arg>
		<arg name='syscalls'>0,1,0</arg>
		<arg name='calls'>9225356,45,37223364</arg>
	</msg>
	<msg id='53' display='false' source='tcet'>
		<type>HEARTBEAT</type>
		<severity>INFO</severity>
		<timestamp>Tue Jan 17 10:48:27 2017</timestamp>
		<arg name='tids'>6579,6578,6556</arg>
		<arg name='syscalls'>0,1,0</arg>
		<arg name='calls'>18440673,45,9245919</arg>
	</msg>
	<msg id='54' display='false' source='tcet'>
		<type>HEARTBEAT</type>
		<severity>INFO</severity>
		<timestamp>Tue Jan 17 10:48:28 2017</timestamp>
		<arg name='tids'>6579,6578,6556</arg>
		<arg name='syscalls'>0,1,0</arg>
		<arg name='calls'>9298907,45,9321244</arg>
	</msg>
	<msg id='55' display='false' source='tcet'>
		<type>HEARTBEAT</type>
		<severity>INFO</severity>
		<timestamp>Tue Jan 17 10:48:29 2017</timestamp>
		<arg name='tids'>6579,6578,6556</arg>
		<arg name='syscalls'>0,1,0</arg>
		<arg name='calls'>9342493,45,9380766</arg>
	</msg>
	<msg id='56' display='false' source='tcet'>
		<type>HEARTBEAT</type>
		<severity>INFO</severity>
		<timestamp>Tue Jan 17 10:48:30 2017</timestamp>
		<arg name='tids'>6579,6578,6556</arg>
		<arg name='syscalls'>0,1,0</arg>
		<arg name='calls'>9362653,45,9392527</arg>
	</msg>
	<msg id='57' display='false' source='tcet'>
		<type>HEARTBEAT</type>
		<severity>INFO</severity>
		<timestamp>Tue Jan 17 10:48:31 2017</timestamp>
		<arg name='tids'>6579,6578,6556</arg>
		<arg name='syscalls'>0,1,0</arg>
		<arg name='calls'>9345320,45,9364884</arg>
	</msg>
	<msg id='58' display='false' source='tcet'>
		<type>HEARTBEAT</type>
		<severity>INFO</severity>
		<timestamp>Tue Jan 17 10:48:32 2017</timestamp>
		<arg name='tids'>6579,6578,6556</arg>
		<arg name='syscalls'>0,1,0</arg>
		<arg name='calls'>9356269,45,9381794</arg>
	</msg>
	<msg id='59' display='false' source='tcet'>
		<type>HEARTBEAT</type>
		<severity>INFO</severity>
		<timestamp>Tue Jan 17 10:48:33 2017</timestamp>
		<arg name='tids'>6579,6578,6556</arg>
		<arg name='syscalls'>0,1,0</arg>
		<arg name='calls'>9350726,45,9369769</arg>
	</msg>
	<msg id='60' display='false' source='tcet'>
		<type>HEARTBEAT</type>
		<severity>INFO</severity>
		<timestamp>Tue Jan 17 10:48:34 2017</timestamp>
		<arg name='tids'>6579,6578,6556</arg>
		<arg name='syscalls'>0,1,0</arg>
		<arg name='calls'>9283504,45,9319561</arg>
	</msg>
	<msg id='61' display='false' source='tcet'>
		<type>THREADNAME</type>
		<severity>INFO</severity>
		<timestamp>Tue Jan 17 10:48:35 2017</timestamp>
		<arg name='tid'>6597</arg>
		<arg name='name'>OMP Worker Thread #2</arg>
	</msg>
	<msg id='62' display='false' source='tcet'>
		<type>HEARTBEAT</type>
		<severity>INFO</severity>
		<timestamp>Tue Jan 17 10:48:35 2017</timestamp>
		<arg name='tids'>6597,6579,6578,6556</arg>
		<arg name='syscalls'>0,0,1,0</arg>
		<arg name='calls'>2591473,10891662,45,8208819</arg>
	</msg>
	<msg id='63' display='false' source='tcet'>
		<type>HEARTBEAT</type>
		<severity>INFO</severity>
		<timestamp>Tue Jan 17 10:48:36 2017</timestamp>
		<arg name='tids'>6597,6579,6578,6556</arg>
		<arg name='syscalls'>0,0,1,0</arg>
		<arg name='calls'>9018171,19939443,45,9060521</arg>
	</msg>
	<msg id='64' display='false' source='tcet'>
		<type>HEARTBEAT</type>
		<severity>INFO</severity>
		<timestamp>Tue Jan 17 10:48:37 2017</timestamp>
		<arg name='tids'>6597,6579,6578,6556</arg>
		<arg name='syscalls'>0,0,1,0</arg>
		<arg name='calls'>9064035,9079264,45,9083798</arg>
	</msg>
	<msg id='65' display='false' source='tcet'>
		<type>HEARTBEAT</type>
		<severity>INFO</severity>
		<timestamp>Tue Jan 17 10:48:38 2017</timestamp>
		<arg name='tids'>6597,6579,6578,6556</arg>
		<arg name='syscalls'>0,0,1,0</arg>
		<arg name='calls'>9050190,9054516,45,9063458</arg>
	</msg>
	<msg id='66' display='false' source='tcet'>
		<type>HEARTBEAT</type>
		<severity>INFO</severity>
		<timestamp>Tue Jan 17 10:48:39 2017</timestamp>
		<arg name='tids'>6597,6579,6578,6556</arg>
		<arg name='syscalls'>0,0,1,0</arg>
		<arg name='calls'>9084852,9099591,45,9094164</arg>
	</msg>
	<msg id='67' display='false' source='tcet'>
		<type>HEARTBEAT</type>
		<severity>INFO</severity>
		<timestamp>Tue Jan 17 10:48:40 2017</timestamp>
		<arg name='tids'>6597,6579,6578,6556</arg>
		<arg name='syscalls'>0,0,1,0</arg>
		<arg name='calls'>9076575,9071559,45,18166873</arg>
	</msg>
	<msg id='68' display='false' source='tcet'>
		<type>HEARTBEAT</type>
		<severity>INFO</severity>
		<timestamp>Tue Jan 17 10:48:41 2017</timestamp>
		<arg name='tids'>6597,6579,6578,6556</arg>
		<arg name='syscalls'>0,0,1,0</arg>
		<arg name='calls'>9085449,9083064,45,9075514</arg>
	</msg>
	<msg id='69' display='false' source='tcet'>
		<type>HEARTBEAT</type>
		<severity>INFO</severity>
		<timestamp>Tue Jan 17 10:48:42 2017</timestamp>
		<arg name='tids'>6597,6579,6578,6556</arg>
		<arg name='syscalls'>0,0,1,0</arg>
		<arg name='calls'>9063116,9073397,45,9070581</arg>
	</msg>
	<msg id='70' display='false' source='tcet'>
		<type>HEARTBEAT</type>
		<severity>INFO</severity>
		<timestamp>Tue Jan 17 10:48:43 2017</timestamp>
		<arg name='tids'>6597,6579,6578,6556</arg>
		<arg name='syscalls'>0,0,1,0</arg>
		<arg name='calls'>9058843,9058157,45,9058551</arg>
	</msg>
	<msg id='71' display='false' source='tcet'>
		<type>HEARTBEAT</type>
		<severity>INFO</severity>
		<timestamp>Tue Jan 17 10:48:44 2017</timestamp>
		<arg name='tids'>6597,6579,6578,6556</arg>
		<arg name='syscalls'>0,0,1,0</arg>
		<arg name='calls'>9063816,18118982,45,9054538</arg>
	</msg>
	<msg id='72' display='false' source='tcet'>
		<type>HEARTBEAT</type>
		<severity>INFO</severity>
		<timestamp>Tue Jan 17 10:48:45 2017</timestamp>
		<arg name='tids'>6597,6579,6578,6556</arg>
		<arg name='syscalls'>0,0,1,0</arg>
		<arg name='calls'>9074370,9012105,45,9031377</arg>
	</msg>
	<msg id='73' display='false' source='tcet'>
		<type>HEARTBEAT</type>
		<severity>INFO</severity>
		<timestamp>Tue Jan 17 10:48:46 2017</timestamp>
		<arg name='tids'>6597,6579,6578,6556</arg>
		<arg name='syscalls'>0,0,1,0</arg>
		<arg name='calls'>9079602,9072225,45,9074419</arg>
	</msg>
	<msg id='74' display='false' source='tcet'>
		<type>HEARTBEAT</type>
		<severity>INFO</severity>
		<timestamp>Tue Jan 17 10:48:47 2017</timestamp>
		<arg name='tids'>6597,6579,6578,6556</arg>
		<arg name='syscalls'>0,0,1,0</arg>
		<arg name='calls'>9067578,9070618,45,9072494</arg>
	</msg>
	<msg id='75' display='false' source='tcet'>
		<type>HEARTBEAT</type>
		<severity>INFO</severity>
		<timestamp>Tue Jan 17 10:48:48 2017</timestamp>
		<arg name='tids'>6597,6579,6578,6556</arg>
		<arg name='syscalls'>0,0,1,0</arg>
		<arg name='calls'>8988728,9063045,45,9049625</arg>
	</msg>
	<msg id='76' display='false' source='tcet'>
		<type>HEARTBEAT</type>
		<severity>INFO</severity>
		<timestamp>Tue Jan 17 10:48:49 2017</timestamp>
		<arg name='tids'>6597,6579,6578,6556</arg>
		<arg name='syscalls'>0,0,1,0</arg>
		<arg name='calls'>9052233,9083466,45,9074143</arg>
	</msg>
	<msg id='77' display='false' source='tcet'>
		<type>HEARTBEAT</type>
		<severity>INFO</severity>
		<timestamp>Tue Jan 17 10:48:50 2017</timestamp>
		<arg name='tids'>6597,6579,6578,6556</arg>
		<arg name='syscalls'>0,0,1,0</arg>
		<arg name='calls'>9044846,18140113,45,9056064</arg>
	</msg>
	<msg id='78' display='false' source='tcet'>
		<type>HEARTBEAT</type>
		<severity>INFO</severity>
		<timestamp>Tue Jan 17 10:48:51 2017</timestamp>
		<arg name='tids'>6597,6579,6578,6556</arg>
		<arg name='syscalls'>0,0,1,0</arg>
		<arg name='calls'>18111083,9072735,45,9076139</arg>
	</msg>
	<msg id='79' display='false' source='tcet'>
		<type>HEARTBEAT</type>
		<severity>INFO</severity>
		<timestamp>Tue Jan 17 10:48:52 2017</timestamp>
		<arg name='tids'>6597,6579,6578,6556</arg>
		<arg name='syscalls'>0,0,1,0</arg>
		<arg name='calls'>9065554,9082026,45,18151011</arg>
	</msg>
	<msg id='80' display='false' source='tcet'>
		<type>HEARTBEAT</type>
		<severity>INFO</severity>
		<timestamp>Tue Jan 17 10:48:53 2017</timestamp>
		<arg name='tids'>6597,6579,6578,6556</arg>
		<arg name='syscalls'>0,0,1,0</arg>
		<arg name='calls'>9055048,9067485,45,9069470</arg>
	</msg>
	<msg id='81' display='false' source='tcet'>
		<type>HEARTBEAT</type>
		<severity>INFO</severity>
		<timestamp>Tue Jan 17 10:48:54 2017</timestamp>
		<arg name='tids'>6597,6579,6578,6556</arg>
		<arg name='syscalls'>0,0,1,0</arg>
		<arg name='calls'>9048555,9026929,45,9046568</arg>
	</msg>
	<msg id='82' display='false' source='tcet'>
		<type>THREADNAME</type>
		<severity>INFO</severity>
		<timestamp>Tue Jan 17 10:48:55 2017</timestamp>
		<arg name='tid'>6608</arg>
		<arg name='name'>OMP Worker Thread #3</arg>
	</msg>
	<msg id='83' display='false' source='tcet'>
		<type>HEARTBEAT</type>
		<severity>INFO</severity>
		<timestamp>Tue Jan 17 10:48:55 2017</timestamp>
		<arg name='tids'>6608,6597,6579,6578,6556</arg>
		<arg name='syscalls'>0,0,0,1,0</arg>
		<arg name='calls'>2104812,8312724,8809683,45,15995401</arg>
	</msg>
	<msg id='84' display='false' source='tcet'>
		<type>HEARTBEAT</type>
		<severity>INFO</severity>
		<timestamp>Tue Jan 17 10:48:56 2017</timestamp>
		<arg name='tids'>6608,6597,6579,6578,6556</arg>
		<arg name='syscalls'>0,0,0,1,0</arg>
		<arg name='calls'>8776270,8732665,17714938,45,8904692</arg>
	</msg>
	<msg id='85' display='false' source='tcet'>
		<type>HEARTBEAT</type>
		<severity>INFO</severity>
		<timestamp>Tue Jan 17 10:48:57 2017</timestamp>
		<arg name='tids'>6608,6597,6579,6578,6556</arg>
		<arg name='syscalls'>0,0,0,1,0</arg>
		<arg name='calls'>8725244,8823605,8877715,45,17816543</arg>
	</msg>
	<msg id='86' display='false' source='tcet'>
		<type>HEARTBEAT</type>
		<severity>INFO</severity>
		<timestamp>Tue Jan 17 10:48:58 2017</timestamp>
		<arg name='tids'>6608,6597,6579,6578,6556</arg>
		<arg name='syscalls'>0,0,0,1,0</arg>
		<arg name='calls'>8873471,8751522,8920761,45,8758234</arg>
	</msg>
	<msg id='87' display='false' source='tcet'>
		<type>HEARTBEAT</type>
		<severity>INFO</severity>
		<timestamp>Tue Jan 17 10:48:59 2017</timestamp>
		<arg name='tids'>6608,6597,6579,6578,6556</arg>
		<arg name='syscalls'>0,0,0,1,0</arg>
		<arg name='calls'>17728818,8881448,8872708,45,8776911</arg>
	</msg>
	<msg id='88' display='false' source='tcet'>
		<type>HEARTBEAT</type>
		<severity>INFO</severity>
		<timestamp>Tue Jan 17 10:49:00 2017</timestamp>
		<arg name='tids'>6608,6597,6579,6578,6556</arg>
		<arg name='syscalls'>0,0,0,1,0</arg>
		<arg name='calls'>8732090,8840298,8748470,45,8762281</arg>
	</msg>
	<msg id='89' display='false' source='tcet'>
		<type>HEARTBEAT</type>
		<severity>INFO</severity>
		<timestamp>Tue Jan 17 10:49:01 2017</timestamp>
		<arg name='tids'>6608,6597,6579,6578,6556</arg>
		<arg name='syscalls'>0,0,0,1,0</arg>
		<arg name='calls'>8746103,8883345,8913136,45,8832424</arg>
	</msg>
	<msg id='90' display='false' source='tcet'>
		<type>HEARTBEAT</type>
		<severity>INFO</severity>
		<timestamp>Tue Jan 17 10:49:02 2017</timestamp>
		<arg name='tids'>6608,6597,6579,6578,6556</arg>
		<arg name='syscalls'>0,0,0,1,0</arg>
		<arg name='calls'>8736092,8873563,8894933,45,17750053</arg>
	</msg>
	<msg id='91' display='false' source='tcet'>
		<type>HEARTBEAT</type>
		<severity>INFO</severity>
		<timestamp>Tue Jan 17 10:49:03 2017</timestamp>
		<arg name='tids'>6608,6597,6579,6578,6556</arg>
		<arg name='syscalls'>0,0,0,1,0</arg>
		<arg name='calls'>8773546,8798609,8904292,45,8825557</arg>
	</msg>
	<msg id='92' display='false' source='tcet'>
		<type>HEARTBEAT</type>
		<severity>INFO</severity>
		<timestamp>Tue Jan 17 10:49:04 2017</timestamp>
		<arg name='tids'>6608,6597,6579,6578,6556</arg>
		<arg name='syscalls'>0,0,0,1,0</arg>
		<arg name='calls'>8865118,8896118,8846936,45,17674922</arg>
	</msg>
	<msg id='93' display='false' source='tcet'>
		<type>HEARTBEAT</type>
		<severity>INFO</severity>
		<timestamp>Tue Jan 17 10:49:05 2017</timestamp>
		<arg name='tids'>6608,6597,6579,6578,6556</arg>
		<arg name='syscalls'>0,0,0,1,0</arg>
		<arg name='calls'>8871343,8893019,8748955,45,26597188</arg>
	</msg>
	<msg id='94' display='false' source='tcet'>
		<type>HEARTBEAT</type>
		<severity>INFO</severity>
		<timestamp>Tue Jan 17 10:49:06 2017</timestamp>
		<arg name='tids'>6608,6597,6579,6578,6556</arg>
		<arg name='syscalls'>0,0,0,1,0</arg>
		<arg name='calls'>8870698,8899670,8691061,45,35399038</arg>
	</msg>
	<msg id='95' display='false' source='tcet'>
		<type>HEARTBEAT</type>
		<severity>INFO</severity>
		<timestamp>Tue Jan 17 10:49:07 2017</timestamp>
		<arg name='tids'>6608,6597,6579,6578,6556</arg>
		<arg name='syscalls'>0,0,0,1,0</arg>
		<arg name='calls'>17734921,8886545,8721983,45,8908562</arg>
	</msg>
	<msg id='96' display='false' source='tcet'>
		<type>HEARTBEAT</type>
		<severity>INFO</severity>
		<timestamp>Tue Jan 17 10:49:08 2017</timestamp>
		<arg name='tids'>6608,6597,6579,6578,6556</arg>
		<arg name='syscalls'>0,0,0,1,0</arg>
		<arg name='calls'>26602459,8841516,8778496,45,8906043</arg>
	</msg>
	<msg id='97' display='false' source='tcet'>
		<type>HEARTBEAT</type>
		<severity>INFO</severity>
		<timestamp>Tue Jan 17 10:49:09 2017</timestamp>
		<arg name='tids'>6608,6597,6579,6578,6556</arg>
		<arg name='syscalls'>0,0,0,1,0</arg>
		<arg name='calls'>8823948,8883663,8747813,45,8913520</arg>
	</msg>
	<msg id='98' display='false' source='tcet'>
		<type>HEARTBEAT</type>
		<severity>INFO</severity>
		<timestamp>Tue Jan 17 10:49:10 2017</timestamp>
		<arg name='tids'>6608,6597,6579,6578,6556</arg>
		<arg name='syscalls'>0,0,0,1,0</arg>
		<arg name='calls'>8719484,8854444,8905585,45,8915343</arg>
	</msg>
	<msg id='99' display='false' source='tcet'>
		<type>HEARTBEAT</type>
		<severity>INFO</severity>
		<timestamp>Tue Jan 17 10:49:11 2017</timestamp>
		<arg name='tids'>6608,6597,6579,6578,6556</arg>
		<arg name='syscalls'>0,0,0,1,0</arg>
		<arg name='calls'>8857167,8716331,8914112,45,8910770</arg>
	</msg>
	<msg id='100' display='false' source='tcet'>
		<type>HEARTBEAT</type>
		<severity>INFO</severity>
		<timestamp>Tue Jan 17 10:49:12 2017</timestamp>
		<arg name='tids'>6608,6597,6579,6578,6556</arg>
		<arg name='syscalls'>0,0,0,1,0</arg>
		<arg name='calls'>8789560,17428086,8888637,45,8866640</arg>
	</msg>
	<msg id='101' display='false' source='tcet'>
		<type>HEARTBEAT</type>
		<severity>INFO</severity>
		<timestamp>Tue Jan 17 10:49:13 2017</timestamp>
		<arg name='tids'>6608,6597,6579,6578,6556</arg>
		<arg name='syscalls'>0,0,0,1,0</arg>
		<arg name='calls'>8867037,8900241,8764933,45,8876677</arg>
	</msg>
	<msg id='102' display='false' source='tcet'>
		<type>HEARTBEAT</type>
		<severity>INFO</severity>
		<timestamp>Tue Jan 17 10:49:14 2017</timestamp>
		<arg name='tids'>6608,6597,6579,6578,6556</arg>
		<arg name='syscalls'>0,0,0,1,0</arg>
		<arg name='calls'>8865295,8871959,8904380,45,8768456</arg>
	</msg>
	<msg id='103' display='false' source='tcet'>
		<type>THREADNAME</type>
		<severity>INFO</severity>
		<timestamp>Tue Jan 17 10:49:15 2017</timestamp>
		<arg name='tid'>6616</arg>
		<arg name='name'>OMP Worker Thread #4</arg>
	</msg>
	<msg id='104' display='false' source='tcet'>
		<type>HEARTBEAT</type>
		<severity>INFO</severity>
		<timestamp>Tue Jan 17 10:49:15 2017</timestamp>
		<arg name='tids'>6616,6608,6597,6579,6578,6556</arg>
		<arg name='syscalls'>0,0,0,0,1,0</arg>
		<arg name='calls'>1709312,8580156,8325397,8752144,45,8719157</arg>
	</msg>
	<msg id='105' display='false' source='tcet'>
		<type>HEARTBEAT</type>
		<severity>INFO</severity>
		<timestamp>Tue Jan 17 10:49:16 2017</timestamp>
		<arg name='tids'>6616,6608,6597,6579,6578,6556</arg>
		<arg name='syscalls'>0,0,0,0,1,0</arg>
		<arg name='calls'>6017220,6008620,8885281,8810352,45,8605264</arg>
	</msg>
	<msg id='106' display='false' source='tcet'>
		<type>HEARTBEAT</type>
		<severity>INFO</severity>
		<timestamp>Tue Jan 17 10:49:17 2017</timestamp>
		<arg name='tids'>6616,6608,6597,6579,6578,6556</arg>
		<arg name='syscalls'>0,0,0,0,1,0</arg>
		<arg name='calls'>6018909,6010579,8891900,8805656,45,8730680</arg>
	</msg>
	<msg id='107' display='false' source='tcet'>
		<type>HEARTBEAT</type>
		<severity>INFO</severity>
		<timestamp>Tue Jan 17 10:49:18 2017</timestamp>
		<arg name='tids'>6616,6608,6597,6579,6578,6556</arg>
		<arg name='syscalls'>0,0,0,0,1,0</arg>
		<arg name='calls'>6019655,6010748,17783399,8665785,45,8869098</arg>
	</msg>
	<msg id='108' display='false' source='tcet'>
		<type>HEARTBEAT</type>
		<severity>INFO</severity>
		<timestamp>Tue Jan 17 10:49:19 2017</timestamp>
		<arg name='tids'>6616,6608,6597,6579,6578,6556</arg>
		<arg name='syscalls'>0,0,0,0,1,0</arg>
		<arg name='calls'>6024902,6013784,8880306,8754420,45,8777216</arg>
	</msg>
	<msg id='109' display='false' source='tcet'>
		<type>HEARTBEAT</type>
		<severity>INFO</severity>
		<timestamp>Tue Jan 17 10:49:20 2017</timestamp>
		<arg name='tids'>6616,6608,6597,6579,6578,6556</arg>
		<arg name='syscalls'>0,0,0,0,1,0</arg>
		<arg name='calls'>6018965,6014496,8885293,8845502,45,8677776</arg>
	</msg>
	<msg id='110' display='false' source='tcet'>
		<type>HEARTBEAT</type>
		<severity>INFO</severity>
		<timestamp>Tue Jan 17 10:49:21 2017</timestamp>
		<arg name='tids'>6616,6608,6597,6579,6578,6556</arg>
		<arg name='syscalls'>0,0,0,0,1,0</arg>
		<arg name='calls'>6024123,6013324,17745247,8849473,45,8699578</arg>
	</msg>
	<msg id='111' display='false' source='tcet'>
		<type>HEARTBEAT</type>
		<severity>INFO</severity>
		<timestamp>Tue Jan 17 10:49:22 2017</timestamp>
		<arg name='tids'>6616,6608,6597,6579,6578,6556</arg>
		<arg name='syscalls'>0,0,0,0,1,0</arg>
		<arg name='calls'>6412918,6381658,8709219,8471555,45,17174555</arg>
	</msg>
	<msg id='112' display='false' source='tcet'>
		<type>HEARTBEAT</type>
		<severity>INFO</severity>
		<timestamp>Tue Jan 17 10:49:23 2017</timestamp>
		<arg name='tids'>6616,6608,6597,6579,6578,6556</arg>
		<arg name='syscalls'>0,0,0,0,1,0</arg>
		<arg name='calls'>8873665,8742578,8757280,6020819,45,6029256</arg>
	</msg>
	<msg id='113' display='false' source='tcet'>
		<type>HEARTBEAT</type>
		<severity>INFO</severity>
		<timestamp>Tue Jan 17 10:49:24 2017</timestamp>
		<arg name='tids'>6616,6608,6597,6579,6578,6556</arg>
		<arg name='syscalls'>0,0,0,0,1,0</arg>
		<arg name='calls'>17430680,8416243,8859260,12341207,45,12307950</arg>
	</msg>
	<msg id='114' display='false' source='tcet'>
		<type>HEARTBEAT</type>
		<severity>INFO</severity>
		<timestamp>Tue Jan 17 10:49:25 2017</timestamp>
		<arg name='tids'>6616,6608,6597,6579,6578,6556</arg>
		<arg name='syscalls'>0,0,0,0,1,0</arg>
		<arg name='calls'>5987847,6013345,8785680,8802984,45,8863255</arg>
	</msg>
	<msg id='115' display='false' source='tcet'>
		<type>HEARTBEAT</type>
		<severity>INFO</severity>
		<timestamp>Tue Jan 17 10:49:26 2017</timestamp>
		<arg name='tids'>6616,6608,6597,6579,6578,6556</arg>
		<arg name='syscalls'>0,0,0,0,1,0</arg>
		<arg name='calls'>6263283,6268544,8217117,8276485,45,8896117</arg>
	</msg>
	<msg id='116' display='false' source='tcet'>
		<type>HEARTBEAT</type>
		<severity>INFO</severity>
		<timestamp>Tue Jan 17 10:49:27 2017</timestamp>
		<arg name='tids'>6616,6608,6597,6579,6578,6556</arg>
		<arg name='syscalls'>0,0,0,0,1,0</arg>
		<arg name='calls'>8779184,8862858,6050704,6045462,45,8894062</arg>
	</msg>
	<msg id='117' display='false' source='tcet'>
		<type>HEARTBEAT</type>
		<severity>INFO</severity>
		<timestamp>Tue Jan 17 10:49:28 2017</timestamp>
		<arg name='tids'>6616,6608,6597,6579,6578,6556</arg>
		<arg name='syscalls'>0,0,0,0,1,0</arg>
		<arg name='calls'>8709936,8831810,6023422,6358450,45,8538724</arg>
	</msg>
	<msg id='118' display='false' source='tcet'>
		<type>HEARTBEAT</type>
		<severity>INFO</severity>
		<timestamp>Tue Jan 17 10:49:29 2017</timestamp>
		<arg name='tids'>6616,6608,6597,6579,6578,6556</arg>
		<arg name='syscalls'>0,0,0,0,1,0</arg>
		<arg name='calls'>8733148,8823557,6028361,8823402,45,6030246</arg>
	</msg>
	<msg id='119' display='false' source='tcet'>
		<type>HEARTBEAT</type>
		<severity>INFO</severity>
		<timestamp>Tue Jan 17 10:49:30 2017</timestamp>
		<arg name='tids'>6616,6608,6597,6579,6578,6556</arg>
		<arg name='syscalls'>0,0,0,0,1,0</arg>
		<arg name='calls'>8850273,8823699,6028329,8701712,45,6033938</arg>
	</msg>
	<msg id='120' display='false' source='tcet'>
		<type>HEARTBEAT</type>
		<severity>INFO</severity>
		<timestamp>Tue Jan 17 10:49:31 2017</timestamp>
		<arg name='tids'>6616,6608,6597,6579,6578,6556</arg>
		<arg name='syscalls'>0,0,0,0,1,0</arg>
		<arg name='calls'>8794354,8830140,6031050,8749312,45,6035579</arg>
	</msg>
	<msg id='121' display='false' source='tcet'>
		<type>HEARTBEAT</type>
		<severity>INFO</severity>
		<timestamp>Tue Jan 17 10:49:32 2017</timestamp>
		<arg name='tids'>6616,6608,6597,6579,6578,6556</arg>
		<arg name='syscalls'>0,0,0,0,1,0</arg>
		<arg name='calls'>8694809,8819411,6030128,8856143,45,6033219</arg>
	</msg>
	<msg id='122' display='false' source='tcet'>
		<type>HEARTBEAT</type>
		<severity>INFO</severity>
		<timestamp>Tue Jan 17 10:49:33 2017</timestamp>
		<arg name='tids'>6616,6608,6597,6579,6578,6556</arg>
		<arg name='syscalls'>0,0,0,0,1,0</arg>
		<arg name='calls'>8738724,8789381,6027198,8601173,45,6289930</arg>
	</msg>
	<msg id='123' display='false' source='tcet'>
		<type>HEARTBEAT</type>
		<severity>INFO</severity>
		<timestamp>Tue Jan 17 10:49:34 2017</timestamp>
		<arg name='tids'>6616,6608,6597,6579,6578,6556</arg>
		<arg name='syscalls'>0,0,0,0,1,0</arg>
		<arg name='calls'>8832080,8722481,12044573,6030514,45,15118625</arg>
	</msg>
	<msg id='124' display='false' source='tcet'>
		<type>THREADNAME</type>
		<severity>INFO</severity>
		<timestamp>Tue Jan 17 10:49:35 2017</timestamp>
		<arg name='tid'>6627</arg>
		<arg name='name'>OMP Worker Thread #5</arg>
	</msg>
	<msg id='125' display='false' source='tcet'>
		<type>HEARTBEAT</type>
		<severity>INFO</severity>
		<timestamp>Tue Jan 17 10:49:35 2017</timestamp>
		<arg name='tids'>6627,6616,6608,6597,6579,6578,6556</arg>
		<arg name='syscalls'>0,0,0,0,0,1,0</arg>
		<arg name='calls'>1691895,8016100,8706647,6007104,6041154,45,8855023</arg>
	</msg>
	<msg id='126' display='false' source='tcet'>
		<type>HEARTBEAT</type>
		<severity>INFO</severity>
		<timestamp>Tue Jan 17 10:49:36 2017</timestamp>
		<arg name='tids'>6627,6616,6608,6597,6579,6578,6556</arg>
		<arg name='syscalls'>0,0,0,0,0,1,0</arg>
		<arg name='calls'>6649884,6067665,8459041,6013971,6017749,45,8262424</arg>
	</msg>
	<msg id='127' display='false' source='tcet'>
		<type>HEARTBEAT</type>
		<severity>INFO</severity>
		<timestamp>Tue Jan 17 10:49:37 2017</timestamp>
		<arg name='tids'>6627,6616,6608,6597,6579,6578,6556</arg>
		<arg name='syscalls'>0,0,0,0,0,1,0</arg>
		<arg name='calls'>15536652,6077801,8700759,6012290,6010485,45,6040407</arg>
	</msg>
	<msg id='128' display='false' source='tcet'>
		<type>HEARTBEAT</type>
		<severity>INFO</severity>
		<timestamp>Tue Jan 17 10:49:38 2017</timestamp>
		<arg name='tids'>6627,6616,6608,6597,6579,6578,6556</arg>
		<arg name='syscalls'>0,0,0,0,0,1,0</arg>
		<arg name='calls'>8897576,6075538,8719859,6011861,6017766,45,6036004</arg>
	</msg>
	<msg id='129' display='false' source='tcet'>
		<type>HEARTBEAT</type>
		<severity>INFO</severity>
		<timestamp>Tue Jan 17 10:49:39 2017</timestamp>
		<arg name='tids'>6627,6616,6608,6597,6579,6578,6556</arg>
		<arg name='syscalls'>0,0,0,0,0,1,0</arg>
		<arg name='calls'>8426127,6072684,8518527,6017244,6452251,45,6287479</arg>
	</msg>
	<msg id='130' display='false' source='tcet'>
		<type>HEARTBEAT</type>
		<severity>INFO</severity>
		<timestamp>Tue Jan 17 10:49:40 2017</timestamp>
		<arg name='tids'>6627,6616,6608,6597,6579,6578,6556</arg>
		<arg name='syscalls'>0,0,0,0,0,1,0</arg>
		<arg name='calls'>6053579,6051982,6047542,6044380,8759769,45,8776642</arg>
	</msg>
	<msg id='131' display='false' source='tcet'>
		<type>HEARTBEAT</type>
		<severity>INFO</severity>
		<timestamp>Tue Jan 17 10:49:41 2017</timestamp>
		<arg name='tids'>6627,6616,6608,6597,6579,6578,6556</arg>
		<arg name='syscalls'>0,0,0,0,0,1,0</arg>
		<arg name='calls'>8477189,6405285,6047368,5998953,6057397,45,8691174</arg>
	</msg>
	<msg id='132' display='false' source='tcet'>
		<type>HEARTBEAT</type>
		<severity>INFO</severity>
		<timestamp>Tue Jan 17 10:49:42 2017</timestamp>
		<arg name='tids'>6627,6616,6608,6597,6579,6578,6556</arg>
		<arg name='syscalls'>0,0,0,0,0,1,0</arg>
		<arg name='calls'>6052502,8764055,12127993,6025340,8549769,45,6247467</arg>
	</msg>
	<msg id='133' display='false' source='tcet'>
		<type>HEARTBEAT</type>
		<severity>INFO</severity>
		<timestamp>Tue Jan 17 10:49:43 2017</timestamp>
		<arg name='tids'>6627,6616,6608,6597,6579,6578,6556</arg>
		<arg name='syscalls'>0,0,0,0,0,1,0</arg>
		<arg name='calls'>6049355,17513251,6033842,6020338,8830703,45,6049011</arg>
	</msg>
	<msg id='134' display='false' source='tcet'>
		<type>HEARTBEAT</type>
		<severity>INFO</severity>
		<timestamp>Tue Jan 17 10:49:44 2017</timestamp>
		<arg name='tids'>6627,6616,6608,6597,6579,6578,6556</arg>
		<arg name='syscalls'>0,0,0,0,0,1,0</arg>
		<arg name='calls'>6052185,26306248,6032755,6026690,8761792,45,6050355</arg>
	</msg>
	<msg id='135' display='false' source='tcet'>
		<type>HEARTBEAT</type>
		<severity>INFO</severity>
		<timestamp>Tue Jan 17 10:49:45 2017</timestamp>
		<arg name='tids'>6627,6616,6608,6597,6579,6578,6556</arg>
		<arg name='syscalls'>0,0,0,0,0,1,0</arg>
		<arg name='calls'>6051490,8667861,6032425,6025602,8681270,45,6051471</arg>
	</msg>
	<msg id='136' display='false' source='tcet'>
		<type>HEARTBEAT</type>
		<severity>INFO</severity>
		<timestamp>Tue Jan 17 10:49:46 2017</timestamp>
		<arg name='tids'>6627,6616,6608,6597,6579,6578,6556</arg>
		<arg name='syscalls'>0,0,0,0,0,1,0</arg>
		<arg name='calls'>6652011,8707074,6047103,8154527,6039426,45,6011907</arg>
	</msg>
	<msg id='137' display='false' source='tcet'>
		<type>HEARTBEAT</type>
		<severity>INFO</severity>
		<timestamp>Tue Jan 17 10:49:47 2017</timestamp>
		<arg name='tids'>6627,6616,6608,6597,6579,6578,6556</arg>
		<arg name='syscalls'>0,0,0,0,0,1,0</arg>
		<arg name='calls'>6051716,17310258,6051368,8849451,12049059,45,6011290</arg>
	</msg>
	<msg id='138' display='false' source='tcet'>
		<type>HEARTBEAT</type>
		<severity>INFO</severity>
		<timestamp>Tue Jan 17 10:49:48 2017</timestamp>
		<arg name='tids'>6627,6616,6608,6597,6579,6578,6556</arg>
		<arg name='syscalls'>0,0,0,0,0,1,0</arg>
		<arg name='calls'>6431424,8743166,6047222,8482965,6016344,45,6016769</arg>
	</msg>
	<msg id='139' display='false' source='tcet'>
		<type>HEARTBEAT</type>
		<severity>INFO</severity>
		<timestamp>Tue Jan 17 10:49:49 2017</timestamp>
		<arg name='tids'>6627,6616,6608,6597,6579,6578,6556</arg>
		<arg name='syscalls'>0,0,0,0,0,1,0</arg>
		<arg name='calls'>8753986,17621439,6027251,14515646,6020135,45,6011307</arg>
	</msg>
	<msg id='140' display='false' source='tcet'>
		<type>HEARTBEAT</type>
		<severity>INFO</severity>
		<timestamp>Tue Jan 17 10:49:50 2017</timestamp>
		<arg name='tids'>6627,6616,6608,6597,6579,6578,6556</arg>
		<arg name='syscalls'>0,0,0,0,0,1,0</arg>
		<arg name='calls'>8399647,8485849,6165153,6136106,6014516,45,6007658</arg>
	</msg>
	<msg id='141' display='false' source='tcet'>
		<type>HEARTBEAT</type>
		<severity>INFO</severity>
		<timestamp>Tue Jan 17 10:49:51 2017</timestamp>
		<arg name='tids'>6627,6616,6608,6597,6579,6578,6556</arg>
		<arg name='syscalls'>0,0,0,0,0,1,0</arg>
		<arg name='calls'>6042688,6041277,8368636,8623891,6451597,45,6016215</arg>
	</msg>
	<msg id='142' display='false' source='tcet'>
		<type>HEARTBEAT</type>
		<severity>INFO</severity>
		<timestamp>Tue Jan 17 10:49:52 2017</timestamp>
		<arg name='tids'>6627,6616,6608,6597,6579,6578,6556</arg>
		<arg name='syscalls'>0,0,0,0,0,1,0</arg>
		<arg name='calls'>6046552,12084260,6029470,8844275,8705107,45,6033968</arg>
	</msg>
	<msg id='143' display='false' source='tcet'>
		<type>HEARTBEAT</type>
		<severity>INFO</severity>
		<timestamp>Tue Jan 17 10:49:53 2017</timestamp>
		<arg name='tids'>6627,6616,6608,6597,6579,6578,6556</arg>
		<arg name='syscalls'>0,0,0,0,0,1,0</arg>
		<arg name='calls'>6095617,6039174,6030901,8808809,8684884,45,6035486</arg>
	</msg>
	<msg id='144' display='false' source='tcet'>
		<type>HEARTBEAT</type>
		<severity>INFO</severity>
		<timestamp>Tue Jan 17 10:49:54 2017</timestamp>
		<arg name='tids'>6627,6616,6608,6597,6579,6578,6556</arg>
		<arg name='syscalls'>0,0,0,0,0,1,0</arg>
		<arg name='calls'>8600488,6038762,6030057,6445778,8397110,45,6035683</arg>
	</msg>
	<msg id='145' display='false' source='tcet'>
		<type>THREADNAME</type>
		<severity>INFO</severity>
		<timestamp>Tue Jan 17 10:49:55 2017</timestamp>
		<arg name='tid'>6635</arg>
		<arg name='name'>OMP Worker Thread #6</arg>
	</msg>
	<msg id='146' display='false' source='tcet'>
		<type>HEARTBEAT</type>
		<severity>INFO</severity>
		<timestamp>Tue Jan 17 10:49:55 2017</timestamp>
		<arg name='tids'>6635,6627,6616,6608,6597,6579,6578,6556</arg>
		<arg name='syscalls'>0,0,0,0,0,0,1,0</arg>
		<arg name='calls'>1679379,16584965,6665944,6050559,7992574,6004621,45,6010120</arg>
	</msg>
	<msg id='147' display='false' source='tcet'>
		<type>HEARTBEAT</type>
		<severity>INFO</severity>
		<timestamp>Tue Jan 17 10:49:56 2017</timestamp>
		<arg name='tids'>6635,6627,6616,6608,6597,6579,6578,6556</arg>
		<arg name='syscalls'>0,0,0,0,0,0,1,0</arg>
		<arg name='calls'>8169332,5954368,6277399,6004754,6012555,5990060,45,6006688</arg>
	</msg>
	<msg id='148' display='false' source='tcet'>
		<type>HEARTBEAT</type>
		<severity>INFO</severity>
		<timestamp>Tue Jan 17 10:49:57 2017</timestamp>
		<arg name='tids'>6635,6627,6616,6608,6597,6579,6578,6556</arg>
		<arg name='syscalls'>0,0,0,0,0,0,1,0</arg>
		<arg name='calls'>16480692,5958183,6144053,6005903,6000795,6247500,45,6018103</arg>
	</msg>
	<msg id='149' display='false' source='tcet'>
		<type>HEARTBEAT</type>
		<severity>INFO</severity>
		<timestamp>Tue Jan 17 10:49:58 2017</timestamp>
		<arg name='tids'>6635,6627,6616,6608,6597,6579,6578,6556</arg>
		<arg name='syscalls'>0,0,0,0,0,0,1,0</arg>
		<arg name='calls'>6043380,6021145,12152782,6004583,5912979,8688800,45,6011316</arg>
	</msg>
	<msg id='150' display='false' source='tcet'>
		<type>HEARTBEAT</type>
		<severity>INFO</severity>
		<timestamp>Tue Jan 17 10:49:59 2017</timestamp>
		<arg name='tids'>6635,6627,6616,6608,6597,6579,6578,6556</arg>
		<arg name='syscalls'>0,0,0,0,0,0,1,0</arg>
		<arg name='calls'>6042159,6021265,6011541,6005325,6012800,8660000,45,6013991</arg>
	</msg>
	<msg id='151' display='false' source='tcet'>
		<type>HEARTBEAT</type>
		<severity>INFO</severity>
		<timestamp>Tue Jan 17 10:50:00 2017</timestamp>
		<arg name='tids'>6635,6627,6616,6608,6597,6579,6578,6556</arg>
		<arg name='syscalls'>0,0,0,0,0,0,1,0</arg>
		<arg name='calls'>6046725,6017614,6008388,6097111,6017219,8482046,45,6066412</arg>
	</msg>
	<msg id='152' display='false' source='tcet'>
		<type>HEARTBEAT</type>
		<severity>INFO</severity>
		<timestamp>Tue Jan 17 10:50:01 2017</timestamp>
		<arg name='tids'>6635,6627,6616,6608,6597,6579,6578,6556</arg>
		<arg name='syscalls'>0,0,0,0,0,0,1,0</arg>
		<arg name='calls'>6040098,6013297,6007358,8095062,5918212,6613382,45,6011259</arg>
	</msg>
	<msg id='153' display='false' source='tcet'>
		<type>HEARTBEAT</type>
		<severity>INFO</severity>
		<timestamp>Tue Jan 17 10:50:02 2017</timestamp>
		<arg name='tids'>6635,6627,6616,6608,6597,6579,6578,6556</arg>
		<arg name='syscalls'>0,0,0,0,0,0,1,0</arg>
		<arg name='calls'>6041785,6016315,6001167,8397597,5898851,6316822,45,6019921</arg>
	</msg>
	<msg id='154' display='false' source='tcet'>
		<type>HEARTBEAT</type>
		<severity>INFO</severity>
		<timestamp>Tue Jan 17 10:50:03 2017</timestamp>
		<arg name='tids'>6635,6627,6616,6608,6597,6579,6578,6556</arg>
		<arg name='syscalls'>0,0,0,0,0,0,1,0</arg>
		<arg name='calls'>6051219,6113422,6001722,6004730,5994874,8567365,45,6026517</arg>
	</msg>
	<msg id='155' display='false' source='tcet'>
		<type>HEARTBEAT</type>
		<severity>INFO</severity>
		<timestamp>Tue Jan 17 10:50:04 2017</timestamp>
		<arg name='tids'>6635,6627,6616,6608,6597,6579,6578,6556</arg>
		<arg name='syscalls'>0,0,0,0,0,0,1,0</arg>
		<arg name='calls'>6050803,6021124,6008156,6005898,5990295,8648407,45,6024317</arg>
	</msg>
	<msg id='156' display='false' source='tcet'>
		<type>HEARTBEAT</type>
		<severity>INFO</severity>
		<timestamp>Tue Jan 17 10:50:05 2017</timestamp>
		<arg name='tids'>6635,6627,6616,6608,6597,6579,6578,6556</arg>
		<arg name='syscalls'>0,0,0,0,0,0,1,0</arg>
		<arg name='calls'>6051164,6021013,6016425,5994928,6008707,8641029,45,6026449</arg>
	</msg>
	<msg id='157' display='false' source='tcet'>
		<type>HEARTBEAT</type>
		<severity>INFO</severity>
		<timestamp>Tue Jan 17 10:50:06 2017</timestamp>
		<arg name='tids'>6635,6627,6616,6608,6597,6579,6578,6556</arg>
		<arg name='syscalls'>0,0,0,0,0,0,1,0</arg>
		<arg name='calls'>6090122,6018575,6014401,6004267,5995342,8365300,45,6219678</arg>
	</msg>
	<msg id='158' display='false' source='tcet'>
		<type>HEARTBEAT</type>
		<severity>INFO</severity>
		<timestamp>Tue Jan 17 10:50:07 2017</timestamp>
		<arg name='tids'>6635,6627,6616,6608,6597,6579,6578,6556</arg>
		<arg name='syscalls'>0,0,0,0,0,0,1,0</arg>
		<arg name='calls'>6057819,6022291,6015658,12033022,5978829,8218650,45,6434596</arg>
	</msg>
	<msg id='159' display='false' source='tcet'>
		<type>HEARTBEAT</type>
		<severity>INFO</severity>
		<timestamp>Tue Jan 17 10:50:08 2017</timestamp>
		<arg name='tids'>6635,6627,6616,6608,6597,6579,6578,6556</arg>
		<arg name='syscalls'>0,0,0,0,0,0,1,0</arg>
		<arg name='calls'>6057494,6023236,6010429,6031383,5948664,8587491,45,6088296</arg>
	</msg>
	<msg id='160' display='false' source='tcet'>
		<type>HEARTBEAT</type>
		<severity>INFO</severity>
		<timestamp>Tue Jan 17 10:50:09 2017</timestamp>
		<arg name='tids'>6635,6627,6616,6608,6597,6579,6578,6556</arg>
		<arg name='syscalls'>0,0,0,0,0,0,1,0</arg>
		<arg name='calls'>6059860,6135184,5987361,6028039,5994872,8544445,45,6008430</arg>
	</msg>
	<msg id='161' display='false' source='tcet'>
		<type>HEARTBEAT</type>
		<severity>INFO</severity>
		<timestamp>Tue Jan 17 10:50:10 2017</timestamp>
		<arg name='tids'>6635,6627,6616,6608,6597,6579,6578,6556</arg>
		<arg name='syscalls'>0,0,0,0,0,0,1,0</arg>
		<arg name='calls'>6057111,6020267,6012345,6031052,5997127,8646336,45,6007365</arg>
	</msg>
	<msg id='162' display='false' source='tcet'>
		<type>HEARTBEAT</type>
		<severity>INFO</severity>
		<timestamp>Tue Jan 17 10:50:11 2017</timestamp>
		<arg name='tids'>6635,6627,6616,6608,6597,6579,6578,6556</arg>
		<arg name='syscalls'>0,0,0,0,0,0,1,0</arg>
		<arg name='calls'>6061940,6020864,6009395,6024501,5994998,8692774,45,6007023</arg>
	</msg>
	<msg id='163' display='false' source='tcet'>
		<type>HEARTBEAT</type>
		<severity>INFO</severity>
		<timestamp>Tue Jan 17 10:50:12 2017</timestamp>
		<arg name='tids'>6635,6627,6616,6608,6597,6579,6578,6556</arg>
		<arg name='syscalls'>0,0,0,0,0,0,1,0</arg>
		<arg name='calls'>6057059,6022302,6013328,6062117,5993195,8639256,45,6007169</arg>
	</msg>
	<msg id='164' display='false' source='tcet'>
		<type>HEARTBEAT</type>
		<severity>INFO</severity>
		<timestamp>Tue Jan 17 10:50:13 2017</timestamp>
		<arg name='tids'>6635,6627,6616,6608,6597,6579,6578,6556</arg>
		<arg name='syscalls'>0,0,0,0,0,0,1,0</arg>
		<arg name='calls'>6314588,6023285,6014429,6021235,5992814,8456666,45,6006889</arg>
	</msg>
	<msg id='165' display='false' source='tcet'>
		<type>HEARTBEAT</type>
		<severity>INFO</severity>
		<timestamp>Tue Jan 17 10:50:14 2017</timestamp>
		<arg name='tids'>6635,6627,6616,6608,6597,6579,6578,6556</arg>
		<arg name='syscalls'>0,0,0,0,0,0,1,0</arg>
		<arg name='calls'>12636631,12049733,6009290,6020586,5994528,8432935,45,6008918</arg>
	</msg>
	<!-- Thread 3 effective sampling rate is 129767167/2595343625 -->
	<!-- Thread 2 effective sampling rate is 153/742 -->
	<!-- Thread 5 effective sampling rate is 75918788/1518377833 -->
	<!-- Thread 7 effective sampling rate is 34086991/681740587 -->
	<!-- Thread 8 effective sampling rate is 16336604/326732100 -->
	<!-- Thread 6 effective sampling rate is 54030088/1080601802 -->
	<!-- Thread 4 effective sampling rate is 99382662/1987653940 -->
	<!-- Thread 0 effective sampling rate is 122310995/2446205780 -->
	<msg id='166' source='tcet'>
		<type>UNLOAD_MODULE</type>
		<severity>INFO</severity>
		<timestamp>Tue Jan 17 10:50:15 2017</timestamp>
		<arg name='module'>/home/imiolek_1102507/Materialy/PRiR/6/a.out</arg>
	</msg>
	<msg id='167' source='tcet'>
		<type>UNLOAD_MODULE</type>
		<severity>INFO</severity>
		<timestamp>Tue Jan 17 10:50:15 2017</timestamp>
		<arg name='module'>/lib64/ld-linux-x86-64.so.2</arg>
	</msg>
	<msg id='168' source='tcet'>
		<type>UNLOAD_MODULE</type>
		<severity>INFO</severity>
		<timestamp>Tue Jan 17 10:50:15 2017</timestamp>
		<arg name='module'>/app/intel/compilers_and_libraries_2016.0.109/linux/compiler/lib/intel64/libimf.so</arg>
	</msg>
	<msg id='169' source='tcet'>
		<type>UNLOAD_MODULE</type>
		<severity>INFO</severity>
		<timestamp>Tue Jan 17 10:50:15 2017</timestamp>
		<arg name='module'>/app/intel/compilers_and_libraries_2016.0.109/linux/compiler/lib/intel64/libsvml.so</arg>
	</msg>
	<msg id='170' source='tcet'>
		<type>UNLOAD_MODULE</type>
		<severity>INFO</severity>
		<timestamp>Tue Jan 17 10:50:15 2017</timestamp>
		<arg name='module'>/app/intel/compilers_and_libraries_2016.0.109/linux/compiler/lib/intel64/libirng.so</arg>
	</msg>
	<msg id='171' source='tcet'>
		<type>UNLOAD_MODULE</type>
		<severity>INFO</severity>
		<timestamp>Tue Jan 17 10:50:15 2017</timestamp>
		<arg name='module'>/lib/x86_64-linux-gnu/libm.so.6</arg>
	</msg>
	<msg id='172' source='tcet'>
		<type>UNLOAD_MODULE</type>
		<severity>INFO</severity>
		<timestamp>Tue Jan 17 10:50:15 2017</timestamp>
		<arg name='module'>/app/intel/compilers_and_libraries_2016.0.109/linux/compiler/lib/intel64/libiomp5.so</arg>
	</msg>
	<msg id='173' source='tcet'>
		<type>UNLOAD_MODULE</type>
		<severity>INFO</severity>
		<timestamp>Tue Jan 17 10:50:15 2017</timestamp>
		<arg name='module'>/usr/lib/x86_64-linux-gnu/libstdc++.so.6</arg>
	</msg>
	<msg id='174' source='tcet'>
		<type>UNLOAD_MODULE</type>
		<severity>INFO</severity>
		<timestamp>Tue Jan 17 10:50:15 2017</timestamp>
		<arg name='module'>/lib/x86_64-linux-gnu/libgcc_s.so.1</arg>
	</msg>
	<msg id='175' source='tcet'>
		<type>UNLOAD_MODULE</type>
		<severity>INFO</severity>
		<timestamp>Tue Jan 17 10:50:15 2017</timestamp>
		<arg name='module'>/app/intel/compilers_and_libraries_2016.0.109/linux/compiler/lib/intel64/libintlc.so.5</arg>
	</msg>
	<msg id='176' source='tcet'>
		<type>UNLOAD_MODULE</type>
		<severity>INFO</severity>
		<timestamp>Tue Jan 17 10:50:15 2017</timestamp>
		<arg name='module'>/lib/x86_64-linux-gnu/libpthread.so.0</arg>
	</msg>
	<msg id='177' source='tcet'>
		<type>UNLOAD_MODULE</type>
		<severity>INFO</severity>
		<timestamp>Tue Jan 17 10:50:15 2017</timestamp>
		<arg name='module'>/lib/x86_64-linux-gnu/libc.so.6</arg>
	</msg>
	<msg id='178' source='tcet'>
		<type>UNLOAD_MODULE</type>
		<severity>INFO</severity>
		<timestamp>Tue Jan 17 10:50:15 2017</timestamp>
		<arg name='module'>/lib/x86_64-linux-gnu/libdl.so.2</arg>
	</msg>
	<msg id='179' source='tcet'>
		<type>UNLOAD_MODULE</type>
		<severity>INFO</severity>
		<timestamp>Tue Jan 17 10:50:15 2017</timestamp>
		<arg name='module'>/app/intel/inspector_xe_2016.1.0.423441/lib64/runtime/libittnotify.so</arg>
	</msg>
	<msg id='180' source='tcet'>
		<type>PROCESS_TERMINATE</type>
		<severity>INFO</severity>
		<timestamp>Tue Jan 17 10:50:15 2017</timestamp>
		<arg name='process'>/home/imiolek_1102507/Materialy/PRiR/6/a.out</arg>
		<arg name='pid'>6556</arg>
	</msg>
	<msg id='181' display='false' source='tccore'>
		<type>ANALYSIS_COMPLETE</type>
		<severity>INFO</severity>
		<timestamp>Tue Jan 17 10:50:15 2017</timestamp>
	</msg>
	<msg id='182' display='false' source='tccore'>
		<type>STOP</type>
		<severity>INFO</severity>
		<timestamp>Tue Jan 17 10:50:15 2017</timestamp>
	</msg>
</log>