<?xml version="1.0" encoding="utf-8" ?>
<!-- DO NOT EDIT THIS FILE -->

<log version='2.0' source='tcet'>
	<!-- Sampling enabled with the following: -->
	<!--     Budget                              5: -->
	<!--     Overdraft Budget                   75: -->
	<!--     Savings Budget                      2: -->
	<!-- Opened annotation file /app/intel/inspector_xe_2016.1.0.423441/lib64/../config/tc/qt.ant -->
	<!-- Opened annotation file /app/intel/inspector_xe_2016.1.0.423441/lib64/../config/tc/cpp11.ant -->
	<!-- Opened annotation file /app/intel/inspector_xe_2016.1.0.423441/lib64/../config/tc/fortran.ant -->
	<!-- Opened annotation file /app/intel/inspector_xe_2016.1.0.423441/lib64/../config/tc/icl.ant -->
	<msg id='1' display='false' source='tccore'>
		<type>START</type>
		<severity>INFO</severity>
		<timestamp>Tue Jan 17 10:45:09 2017</timestamp>
	</msg>
	<!-- Successfully loaded CCRT 12.16.2 at address 0x7fdfbec3d000 - 0x7fdfbec57000 -->
	<!-- Successfully loaded the TC Analysis Core 7.2.16 at address 0x7fdfacbe2000 - 0x7fdfacc1f000 -->
	<!-- Successfully loaded the TC Instrumentation Engine 7.2.16 at address 0x7fdfbf2b3000 - 0x7fdfbf602000 -->
	<!-- This is the instance of interest -->
	<msg id='2' source='tcet'>
		<type>EXEC_OF_INTEREST</type>
		<severity>INFO</severity>
		<timestamp>Tue Jan 17 10:45:09 2017</timestamp>
		<arg name='process'>/home/imiolek_1102507/Materialy/PRiR/6/a.out</arg>
		<arg name='pid'>6386</arg>
	</msg>
	<msg id='3' source='tcet'>
		<type>LOAD_MODULE</type>
		<severity>INFO</severity>
		<timestamp>Tue Jan 17 10:45:09 2017</timestamp>
		<arg name='module'>/home/imiolek_1102507/Materialy/PRiR/6/a.out</arg>
		<arg name='basement'>0x400000</arg>
		<arg name='ceiling'>0x6034bf</arg>
	</msg>
	<msg id='4' source='tcet'>
		<type>LOAD_MODULE</type>
		<severity>INFO</severity>
		<timestamp>Tue Jan 17 10:45:09 2017</timestamp>
		<arg name='module'>/lib64/ld-linux-x86-64.so.2</arg>
		<arg name='basement'>0x7fdfbfdd7000</arg>
		<arg name='ceiling'>0x7fdfbfff81c7</arg>
	</msg>
	<msg id='5' source='tcet'>
		<type>LOAD_MODULE</type>
		<severity>INFO</severity>
		<timestamp>Tue Jan 17 10:45:10 2017</timestamp>
		<arg name='module'>/usr/lib/x86_64-linux-gnu/libstdc++.so.6</arg>
		<arg name='basement'>0x7fdfabb36000</arg>
		<arg name='ceiling'>0x7fdfabe3c4bf</arg>
	</msg>
	<msg id='6' source='tcet'>
		<type>LOAD_MODULE</type>
		<severity>INFO</severity>
		<timestamp>Tue Jan 17 10:45:10 2017</timestamp>
		<arg name='module'>/lib/x86_64-linux-gnu/libm.so.6</arg>
		<arg name='basement'>0x7fdfab88b000</arg>
		<arg name='ceiling'>0x7fdfabb0c0e7</arg>
	</msg>
	<msg id='7' source='tcet'>
		<type>LOAD_MODULE</type>
		<severity>INFO</severity>
		<timestamp>Tue Jan 17 10:45:10 2017</timestamp>
		<arg name='module'>/usr/lib/x86_64-linux-gnu/libgomp.so.1</arg>
		<arg name='basement'>0x7fdfab67d000</arg>
		<arg name='ceiling'>0x7fdfab88adbf</arg>
	</msg>
	<msg id='8' source='tcet'>
		<type>UNSUPPORTED_MODULE</type>
		<severity>WARNING</severity>
		<timestamp>Tue Jan 17 10:45:10 2017</timestamp>
		<arg name='desc'>GNU OpenMP Runtime module</arg>
	</msg>
	<msg id='9' source='tcet'>
		<type>LOAD_MODULE</type>
		<severity>INFO</severity>
		<timestamp>Tue Jan 17 10:45:10 2017</timestamp>
		<arg name='module'>/lib/x86_64-linux-gnu/libgcc_s.so.1</arg>
		<arg name='basement'>0x7fdfab464000</arg>
		<arg name='ceiling'>0x7fdfab679677</arg>
	</msg>
	<msg id='10' source='tcet'>
		<type>LOAD_MODULE</type>
		<severity>INFO</severity>
		<timestamp>Tue Jan 17 10:45:10 2017</timestamp>
		<arg name='module'>/lib/x86_64-linux-gnu/libpthread.so.0</arg>
		<arg name='basement'>0x7fdfab20b000</arg>
		<arg name='ceiling'>0x7fdfab42639f</arg>
	</msg>
	<msg id='11' source='tcet'>
		<type>LOAD_MODULE</type>
		<severity>INFO</severity>
		<timestamp>Tue Jan 17 10:45:10 2017</timestamp>
		<arg name='module'>/lib/x86_64-linux-gnu/libc.so.6</arg>
		<arg name='basement'>0x7fdfaae7e000</arg>
		<arg name='ceiling'>0x7fdfab20a837</arg>
	</msg>
	<msg id='12' source='tcet'>
		<type>LOAD_MODULE</type>
		<severity>INFO</severity>
		<timestamp>Tue Jan 17 10:45:10 2017</timestamp>
		<arg name='module'>/lib/x86_64-linux-gnu/librt.so.1</arg>
		<arg name='basement'>0x7fdfaac76000</arg>
		<arg name='ceiling'>0x7fdfaae7dbd7</arg>
	</msg>
	<msg id='13' display='false' source='tcet'>
		<type>HEARTBEAT</type>
		<severity>INFO</severity>
		<timestamp>Tue Jan 17 10:45:10 2017</timestamp>
		<arg name='tids'>6386</arg>
		<arg name='syscalls'>0</arg>
		<arg name='calls'>776589</arg>
	</msg>
	<msg id='14' display='false' source='tcet'>
		<type>HEARTBEAT</type>
		<severity>INFO</severity>
		<timestamp>Tue Jan 17 10:45:11 2017</timestamp>
		<arg name='tids'>6386</arg>
		<arg name='syscalls'>0</arg>
		<arg name='calls'>8214975</arg>
	</msg>
	<msg id='15' display='false' source='tcet'>
		<type>HEARTBEAT</type>
		<severity>INFO</severity>
		<timestamp>Tue Jan 17 10:45:12 2017</timestamp>
		<arg name='tids'>6386</arg>
		<arg name='syscalls'>0</arg>
		<arg name='calls'>7790780</arg>
	</msg>
	<msg id='16' display='false' source='tcet'>
		<type>HEARTBEAT</type>
		<severity>INFO</severity>
		<timestamp>Tue Jan 17 10:45:13 2017</timestamp>
		<arg name='tids'>6386</arg>
		<arg name='syscalls'>0</arg>
		<arg name='calls'>7874232</arg>
	</msg>
	<msg id='17' display='false' source='tcet'>
		<type>HEARTBEAT</type>
		<severity>INFO</severity>
		<timestamp>Tue Jan 17 10:45:14 2017</timestamp>
		<arg name='tids'>6386</arg>
		<arg name='syscalls'>0</arg>
		<arg name='calls'>7873419</arg>
	</msg>
	<msg id='18' display='false' source='tcet'>
		<type>HEARTBEAT</type>
		<severity>INFO</severity>
		<timestamp>Tue Jan 17 10:45:15 2017</timestamp>
		<arg name='tids'>6386</arg>
		<arg name='syscalls'>0</arg>
		<arg name='calls'>7880958</arg>
	</msg>
	<msg id='19' display='false' source='tcet'>
		<type>HEARTBEAT</type>
		<severity>INFO</severity>
		<timestamp>Tue Jan 17 10:45:16 2017</timestamp>
		<arg name='tids'>6386</arg>
		<arg name='syscalls'>0</arg>
		<arg name='calls'>7878509</arg>
	</msg>
	<msg id='20' display='false' source='tcet'>
		<type>HEARTBEAT</type>
		<severity>INFO</severity>
		<timestamp>Tue Jan 17 10:45:17 2017</timestamp>
		<arg name='tids'>6386</arg>
		<arg name='syscalls'>0</arg>
		<arg name='calls'>7874455</arg>
	</msg>
	<msg id='21' display='false' source='tcet'>
		<type>HEARTBEAT</type>
		<severity>INFO</severity>
		<timestamp>Tue Jan 17 10:45:18 2017</timestamp>
		<arg name='tids'>6386</arg>
		<arg name='syscalls'>0</arg>
		<arg name='calls'>7885229</arg>
	</msg>
	<msg id='22' display='false' source='tcet'>
		<type>HEARTBEAT</type>
		<severity>INFO</severity>
		<timestamp>Tue Jan 17 10:45:19 2017</timestamp>
		<arg name='tids'>6386</arg>
		<arg name='syscalls'>0</arg>
		<arg name='calls'>15761543</arg>
	</msg>
	<msg id='23' display='false' source='tcet'>
		<type>HEARTBEAT</type>
		<severity>INFO</severity>
		<timestamp>Tue Jan 17 10:45:20 2017</timestamp>
		<arg name='tids'>6386</arg>
		<arg name='syscalls'>0</arg>
		<arg name='calls'>7887146</arg>
	</msg>
	<msg id='24' display='false' source='tcet'>
		<type>HEARTBEAT</type>
		<severity>INFO</severity>
		<timestamp>Tue Jan 17 10:45:21 2017</timestamp>
		<arg name='tids'>6386</arg>
		<arg name='syscalls'>0</arg>
		<arg name='calls'>7869931</arg>
	</msg>
	<msg id='25' display='false' source='tcet'>
		<type>HEARTBEAT</type>
		<severity>INFO</severity>
		<timestamp>Tue Jan 17 10:45:22 2017</timestamp>
		<arg name='tids'>6386</arg>
		<arg name='syscalls'>0</arg>
		<arg name='calls'>7884188</arg>
	</msg>
	<msg id='26' display='false' source='tcet'>
		<type>HEARTBEAT</type>
		<severity>INFO</severity>
		<timestamp>Tue Jan 17 10:45:23 2017</timestamp>
		<arg name='tids'>6386</arg>
		<arg name='syscalls'>0</arg>
		<arg name='calls'>7885479</arg>
	</msg>
	<msg id='27' display='false' source='tcet'>
		<type>HEARTBEAT</type>
		<severity>INFO</severity>
		<timestamp>Tue Jan 17 10:45:24 2017</timestamp>
		<arg name='tids'>6386</arg>
		<arg name='syscalls'>0</arg>
		<arg name='calls'>15332292</arg>
	</msg>
	<msg id='28' display='false' source='tcet'>
		<type>HEARTBEAT</type>
		<severity>INFO</severity>
		<timestamp>Tue Jan 17 10:45:25 2017</timestamp>
		<arg name='tids'>6386</arg>
		<arg name='syscalls'>0</arg>
		<arg name='calls'>7876314</arg>
	</msg>
	<msg id='29' display='false' source='tcet'>
		<type>HEARTBEAT</type>
		<severity>INFO</severity>
		<timestamp>Tue Jan 17 10:45:26 2017</timestamp>
		<arg name='tids'>6386</arg>
		<arg name='syscalls'>0</arg>
		<arg name='calls'>7875717</arg>
	</msg>
	<msg id='30' display='false' source='tcet'>
		<type>HEARTBEAT</type>
		<severity>INFO</severity>
		<timestamp>Tue Jan 17 10:45:27 2017</timestamp>
		<arg name='tids'>6386</arg>
		<arg name='syscalls'>0</arg>
		<arg name='calls'>7886095</arg>
	</msg>
	<msg id='31' display='false' source='tcet'>
		<type>HEARTBEAT</type>
		<severity>INFO</severity>
		<timestamp>Tue Jan 17 10:45:28 2017</timestamp>
		<arg name='tids'>6386</arg>
		<arg name='syscalls'>0</arg>
		<arg name='calls'>7882794</arg>
	</msg>
	<msg id='32' display='false' source='tcet'>
		<type>HEARTBEAT</type>
		<severity>INFO</severity>
		<timestamp>Tue Jan 17 10:45:29 2017</timestamp>
		<arg name='tids'>6386</arg>
		<arg name='syscalls'>0</arg>
		<arg name='calls'>7875947</arg>
	</msg>
	<msg id='33' source='tccore'>
		<type>CTSA_NO_STACK</type>
		<severity>WARNING</severity>
		<timestamp>Tue Jan 17 10:45:30 2017</timestamp>
	</msg>
	<msg id='34' display='false' source='tcet'>
		<type>HEARTBEAT</type>
		<severity>INFO</severity>
		<timestamp>Tue Jan 17 10:45:30 2017</timestamp>
		<arg name='tids'>6401,6386</arg>
		<arg name='syscalls'>0,0</arg>
		<arg name='calls'>55323,5442158</arg>
	</msg>
	<msg id='35' display='false' source='tcet'>
		<type>HEARTBEAT</type>
		<severity>INFO</severity>
		<timestamp>Tue Jan 17 10:45:31 2017</timestamp>
		<arg name='tids'>6401,6386</arg>
		<arg name='syscalls'>0,0</arg>
		<arg name='calls'>3541671,3802852</arg>
	</msg>
	<msg id='36' display='false' source='tcet'>
		<type>HEARTBEAT</type>
		<severity>INFO</severity>
		<timestamp>Tue Jan 17 10:45:32 2017</timestamp>
		<arg name='tids'>6401,6386</arg>
		<arg name='syscalls'>0,0</arg>
		<arg name='calls'>5112517,5154608</arg>
	</msg>
	<msg id='37' display='false' source='tcet'>
		<type>HEARTBEAT</type>
		<severity>INFO</severity>
		<timestamp>Tue Jan 17 10:45:33 2017</timestamp>
		<arg name='tids'>6401,6386</arg>
		<arg name='syscalls'>0,0</arg>
		<arg name='calls'>5132312,5166997</arg>
	</msg>
	<msg id='38' display='false' source='tcet'>
		<type>HEARTBEAT</type>
		<severity>INFO</severity>
		<timestamp>Tue Jan 17 10:45:34 2017</timestamp>
		<arg name='tids'>6401,6386</arg>
		<arg name='syscalls'>0,0</arg>
		<arg name='calls'>5086388,5174680</arg>
	</msg>
	<msg id='39' display='false' source='tcet'>
		<type>HEARTBEAT</type>
		<severity>INFO</severity>
		<timestamp>Tue Jan 17 10:45:35 2017</timestamp>
		<arg name='tids'>6401,6386</arg>
		<arg name='syscalls'>0,0</arg>
		<arg name='calls'>5117003,5154094</arg>
	</msg>
	<msg id='40' display='false' source='tcet'>
		<type>HEARTBEAT</type>
		<severity>INFO</severity>
		<timestamp>Tue Jan 17 10:45:36 2017</timestamp>
		<arg name='tids'>6401,6386</arg>
		<arg name='syscalls'>0,0</arg>
		<arg name='calls'>5127963,5149718</arg>
	</msg>
	<msg id='41' display='false' source='tcet'>
		<type>HEARTBEAT</type>
		<severity>INFO</severity>
		<timestamp>Tue Jan 17 10:45:37 2017</timestamp>
		<arg name='tids'>6401,6386</arg>
		<arg name='syscalls'>0,0</arg>
		<arg name='calls'>5122182,5171214</arg>
	</msg>
	<msg id='42' display='false' source='tcet'>
		<type>HEARTBEAT</type>
		<severity>INFO</severity>
		<timestamp>Tue Jan 17 10:45:38 2017</timestamp>
		<arg name='tids'>6401,6386</arg>
		<arg name='syscalls'>0,0</arg>
		<arg name='calls'>10249892,5157290</arg>
	</msg>
	<msg id='43' display='false' source='tcet'>
		<type>HEARTBEAT</type>
		<severity>INFO</severity>
		<timestamp>Tue Jan 17 10:45:39 2017</timestamp>
		<arg name='tids'>6401,6386</arg>
		<arg name='syscalls'>0,0</arg>
		<arg name='calls'>5093222,5133143</arg>
	</msg>
	<msg id='44' display='false' source='tcet'>
		<type>HEARTBEAT</type>
		<severity>INFO</severity>
		<timestamp>Tue Jan 17 10:45:40 2017</timestamp>
		<arg name='tids'>6401,6386</arg>
		<arg name='syscalls'>0,0</arg>
		<arg name='calls'>5119070,5176196</arg>
	</msg>
	<msg id='45' display='false' source='tcet'>
		<type>HEARTBEAT</type>
		<severity>INFO</severity>
		<timestamp>Tue Jan 17 10:45:41 2017</timestamp>
		<arg name='tids'>6401,6386</arg>
		<arg name='syscalls'>0,0</arg>
		<arg name='calls'>5115588,5123010</arg>
	</msg>
	<msg id='46' display='false' source='tcet'>
		<type>HEARTBEAT</type>
		<severity>INFO</severity>
		<timestamp>Tue Jan 17 10:45:42 2017</timestamp>
		<arg name='tids'>6401,6386</arg>
		<arg name='syscalls'>0,0</arg>
		<arg name='calls'>5128087,5168796</arg>
	</msg>
	<msg id='47' display='false' source='tcet'>
		<type>HEARTBEAT</type>
		<severity>INFO</severity>
		<timestamp>Tue Jan 17 10:45:43 2017</timestamp>
		<arg name='tids'>6401,6386</arg>
		<arg name='syscalls'>0,0</arg>
		<arg name='calls'>5143078,5175646</arg>
	</msg>
	<msg id='48' display='false' source='tcet'>
		<type>HEARTBEAT</type>
		<severity>INFO</severity>
		<timestamp>Tue Jan 17 10:45:44 2017</timestamp>
		<arg name='tids'>6401,6386</arg>
		<arg name='syscalls'>0,0</arg>
		<arg name='calls'>5140565,5180372</arg>
	</msg>
	<msg id='49' display='false' source='tcet'>
		<type>HEARTBEAT</type>
		<severity>INFO</severity>
		<timestamp>Tue Jan 17 10:45:45 2017</timestamp>
		<arg name='tids'>6401,6386</arg>
		<arg name='syscalls'>0,0</arg>
		<arg name='calls'>5135938,5159765</arg>
	</msg>
	<msg id='50' display='false' source='tcet'>
		<type>HEARTBEAT</type>
		<severity>INFO</severity>
		<timestamp>Tue Jan 17 10:45:46 2017</timestamp>
		<arg name='tids'>6401,6386</arg>
		<arg name='syscalls'>0,0</arg>
		<arg name='calls'>5119232,5163523</arg>
	</msg>
	<msg id='51' display='false' source='tcet'>
		<type>HEARTBEAT</type>
		<severity>INFO</severity>
		<timestamp>Tue Jan 17 10:45:47 2017</timestamp>
		<arg name='tids'>6401,6386</arg>
		<arg name='syscalls'>0,0</arg>
		<arg name='calls'>5123961,5174144</arg>
	</msg>
	<msg id='52' display='false' source='tcet'>
		<type>HEARTBEAT</type>
		<severity>INFO</severity>
		<timestamp>Tue Jan 17 10:45:48 2017</timestamp>
		<arg name='tids'>6401,6386</arg>
		<arg name='syscalls'>0,0</arg>
		<arg name='calls'>5091780,5055045</arg>
	</msg>
	<msg id='53' display='false' source='tcet'>
		<type>HEARTBEAT</type>
		<severity>INFO</severity>
		<timestamp>Tue Jan 17 10:45:49 2017</timestamp>
		<arg name='tids'>6401,6386</arg>
		<arg name='syscalls'>0,0</arg>
		<arg name='calls'>5132736,5207326</arg>
	</msg>
	<msg id='54' display='false' source='tcet'>
		<type>HEARTBEAT</type>
		<severity>INFO</severity>
		<timestamp>Tue Jan 17 10:45:50 2017</timestamp>
		<arg name='tids'>6415,6401,6386</arg>
		<arg name='syscalls'>0,0,0</arg>
		<arg name='calls'>720113,4518439,4589827</arg>
	</msg>
	<msg id='55' display='false' source='tcet'>
		<type>HEARTBEAT</type>
		<severity>INFO</severity>
		<timestamp>Tue Jan 17 10:45:51 2017</timestamp>
		<arg name='tids'>6415,6401,6386</arg>
		<arg name='syscalls'>0,0,0</arg>
		<arg name='calls'>4990554,4993042,5040212</arg>
	</msg>
	<msg id='56' display='false' source='tcet'>
		<type>HEARTBEAT</type>
		<severity>INFO</severity>
		<timestamp>Tue Jan 17 10:45:52 2017</timestamp>
		<arg name='tids'>6415,6401,6386</arg>
		<arg name='syscalls'>0,0,0</arg>
		<arg name='calls'>4991199,4959775,5011419</arg>
	</msg>
	<msg id='57' display='false' source='tcet'>
		<type>HEARTBEAT</type>
		<severity>INFO</severity>
		<timestamp>Tue Jan 17 10:45:53 2017</timestamp>
		<arg name='tids'>6415,6401,6386</arg>
		<arg name='syscalls'>0,0,0</arg>
		<arg name='calls'>5010202,5029027,5030439</arg>
	</msg>
	<msg id='58' display='false' source='tcet'>
		<type>HEARTBEAT</type>
		<severity>INFO</severity>
		<timestamp>Tue Jan 17 10:45:54 2017</timestamp>
		<arg name='tids'>6415,6401,6386</arg>
		<arg name='syscalls'>0,0,0</arg>
		<arg name='calls'>5012781,5000743,5028810</arg>
	</msg>
	<msg id='59' display='false' source='tcet'>
		<type>HEARTBEAT</type>
		<severity>INFO</severity>
		<timestamp>Tue Jan 17 10:45:55 2017</timestamp>
		<arg name='tids'>6415,6401,6386</arg>
		<arg name='syscalls'>0,0,0</arg>
		<arg name='calls'>5011906,5008075,5031670</arg>
	</msg>
	<msg id='60' display='false' source='tcet'>
		<type>HEARTBEAT</type>
		<severity>INFO</severity>
		<timestamp>Tue Jan 17 10:45:56 2017</timestamp>
		<arg name='tids'>6415,6401,6386</arg>
		<arg name='syscalls'>0,0,0</arg>
		<arg name='calls'>4998720,5002580,5023008</arg>
	</msg>
	<msg id='61' display='false' source='tcet'>
		<type>HEARTBEAT</type>
		<severity>INFO</severity>
		<timestamp>Tue Jan 17 10:45:57 2017</timestamp>
		<arg name='tids'>6415,6401,6386</arg>
		<arg name='syscalls'>0,0,0</arg>
		<arg name='calls'>5002129,4996451,5037907</arg>
	</msg>
	<msg id='62' display='false' source='tcet'>
		<type>HEARTBEAT</type>
		<severity>INFO</severity>
		<timestamp>Tue Jan 17 10:45:58 2017</timestamp>
		<arg name='tids'>6415,6401,6386</arg>
		<arg name='syscalls'>0,0,0</arg>
		<arg name='calls'>5003001,5001294,5030916</arg>
	</msg>
	<msg id='63' display='false' source='tcet'>
		<type>HEARTBEAT</type>
		<severity>INFO</severity>
		<timestamp>Tue Jan 17 10:45:59 2017</timestamp>
		<arg name='tids'>6415,6401,6386</arg>
		<arg name='syscalls'>0,0,0</arg>
		<arg name='calls'>4984186,4990523,5008877</arg>
	</msg>
	<msg id='64' display='false' source='tcet'>
		<type>HEARTBEAT</type>
		<severity>INFO</severity>
		<timestamp>Tue Jan 17 10:46:00 2017</timestamp>
		<arg name='tids'>6415,6401,6386</arg>
		<arg name='syscalls'>0,0,0</arg>
		<arg name='calls'>5001680,4986822,5000671</arg>
	</msg>
	<msg id='65' display='false' source='tcet'>
		<type>HEARTBEAT</type>
		<severity>INFO</severity>
		<timestamp>Tue Jan 17 10:46:01 2017</timestamp>
		<arg name='tids'>6415,6401,6386</arg>
		<arg name='syscalls'>0,0,0</arg>
		<arg name='calls'>4998712,5016436,5011169</arg>
	</msg>
	<msg id='66' display='false' source='tcet'>
		<type>HEARTBEAT</type>
		<severity>INFO</severity>
		<timestamp>Tue Jan 17 10:46:02 2017</timestamp>
		<arg name='tids'>6415,6401,6386</arg>
		<arg name='syscalls'>0,0,0</arg>
		<arg name='calls'>4985265,5000710,4992683</arg>
	</msg>
	<msg id='67' display='false' source='tcet'>
		<type>HEARTBEAT</type>
		<severity>INFO</severity>
		<timestamp>Tue Jan 17 10:46:03 2017</timestamp>
		<arg name='tids'>6415,6401,6386</arg>
		<arg name='syscalls'>0,0,0</arg>
		<arg name='calls'>9986147,4953833,4978028</arg>
	</msg>
	<msg id='68' display='false' source='tcet'>
		<type>HEARTBEAT</type>
		<severity>INFO</severity>
		<timestamp>Tue Jan 17 10:46:04 2017</timestamp>
		<arg name='tids'>6415,6401,6386</arg>
		<arg name='syscalls'>0,0,0</arg>
		<arg name='calls'>5001917,9935658,9988733</arg>
	</msg>
	<msg id='69' display='false' source='tcet'>
		<type>HEARTBEAT</type>
		<severity>INFO</severity>
		<timestamp>Tue Jan 17 10:46:05 2017</timestamp>
		<arg name='tids'>6415,6401,6386</arg>
		<arg name='syscalls'>0,0,0</arg>
		<arg name='calls'>4995161,4991719,5015661</arg>
	</msg>
	<msg id='70' display='false' source='tcet'>
		<type>HEARTBEAT</type>
		<severity>INFO</severity>
		<timestamp>Tue Jan 17 10:46:06 2017</timestamp>
		<arg name='tids'>6415,6401,6386</arg>
		<arg name='syscalls'>0,0,0</arg>
		<arg name='calls'>9804108,4976114,4806333</arg>
	</msg>
	<msg id='71' display='false' source='tcet'>
		<type>HEARTBEAT</type>
		<severity>INFO</severity>
		<timestamp>Tue Jan 17 10:46:07 2017</timestamp>
		<arg name='tids'>6415,6401,6386</arg>
		<arg name='syscalls'>0,0,0</arg>
		<arg name='calls'>4990811,5007758,5022037</arg>
	</msg>
	<msg id='72' display='false' source='tcet'>
		<type>HEARTBEAT</type>
		<severity>INFO</severity>
		<timestamp>Tue Jan 17 10:46:08 2017</timestamp>
		<arg name='tids'>6415,6401,6386</arg>
		<arg name='syscalls'>0,0,0</arg>
		<arg name='calls'>4993107,5002725,5027042</arg>
	</msg>
	<msg id='73' display='false' source='tcet'>
		<type>HEARTBEAT</type>
		<severity>INFO</severity>
		<timestamp>Tue Jan 17 10:46:09 2017</timestamp>
		<arg name='tids'>6415,6401,6386</arg>
		<arg name='syscalls'>0,0,0</arg>
		<arg name='calls'>4964083,5018278,5044883</arg>
	</msg>
	<msg id='74' display='false' source='tcet'>
		<type>HEARTBEAT</type>
		<severity>INFO</severity>
		<timestamp>Tue Jan 17 10:46:10 2017</timestamp>
		<arg name='tids'>6425,6415,6401,6386</arg>
		<arg name='syscalls'>0,0,0,0</arg>
		<arg name='calls'>815755,4861157,4900275,9924844</arg>
	</msg>
	<msg id='75' display='false' source='tcet'>
		<type>HEARTBEAT</type>
		<severity>INFO</severity>
		<timestamp>Tue Jan 17 10:46:11 2017</timestamp>
		<arg name='tids'>6425,6415,6401,6386</arg>
		<arg name='syscalls'>0,0,0,0</arg>
		<arg name='calls'>4785769,4846547,4866497,4804927</arg>
	</msg>
	<msg id='76' display='false' source='tcet'>
		<type>HEARTBEAT</type>
		<severity>INFO</severity>
		<timestamp>Tue Jan 17 10:46:12 2017</timestamp>
		<arg name='tids'>6425,6415,6401,6386</arg>
		<arg name='syscalls'>0,0,0,0</arg>
		<arg name='calls'>4784722,4875924,9704237,4541633</arg>
	</msg>
	<msg id='77' display='false' source='tcet'>
		<type>HEARTBEAT</type>
		<severity>INFO</severity>
		<timestamp>Tue Jan 17 10:46:13 2017</timestamp>
		<arg name='tids'>6425,6415,6401,6386</arg>
		<arg name='syscalls'>0,0,0,0</arg>
		<arg name='calls'>4844821,4867823,14565416,4759215</arg>
	</msg>
	<msg id='78' display='false' source='tcet'>
		<type>HEARTBEAT</type>
		<severity>INFO</severity>
		<timestamp>Tue Jan 17 10:46:14 2017</timestamp>
		<arg name='tids'>6425,6415,6401,6386</arg>
		<arg name='syscalls'>0,0,0,0</arg>
		<arg name='calls'>4852436,4844707,4847590,4616414</arg>
	</msg>
	<msg id='79' display='false' source='tcet'>
		<type>HEARTBEAT</type>
		<severity>INFO</severity>
		<timestamp>Tue Jan 17 10:46:15 2017</timestamp>
		<arg name='tids'>6425,6415,6401,6386</arg>
		<arg name='syscalls'>0,0,0,0</arg>
		<arg name='calls'>4827548,4852951,4826250,4676214</arg>
	</msg>
	<msg id='80' display='false' source='tcet'>
		<type>HEARTBEAT</type>
		<severity>INFO</severity>
		<timestamp>Tue Jan 17 10:46:16 2017</timestamp>
		<arg name='tids'>6425,6415,6401,6386</arg>
		<arg name='syscalls'>0,0,0,0</arg>
		<arg name='calls'>4870801,4845254,4860693,4716100</arg>
	</msg>
	<msg id='81' display='false' source='tcet'>
		<type>HEARTBEAT</type>
		<severity>INFO</severity>
		<timestamp>Tue Jan 17 10:46:17 2017</timestamp>
		<arg name='tids'>6425,6415,6401,6386</arg>
		<arg name='syscalls'>0,0,0,0</arg>
		<arg name='calls'>4822706,4872763,4874338,4641603</arg>
	</msg>
	<msg id='82' display='false' source='tcet'>
		<type>HEARTBEAT</type>
		<severity>INFO</severity>
		<timestamp>Tue Jan 17 10:46:18 2017</timestamp>
		<arg name='tids'>6425,6415,6401,6386</arg>
		<arg name='syscalls'>0,0,0,0</arg>
		<arg name='calls'>4723724,4865185,4785077,4772221</arg>
	</msg>
	<msg id='83' display='false' source='tcet'>
		<type>HEARTBEAT</type>
		<severity>INFO</severity>
		<timestamp>Tue Jan 17 10:46:19 2017</timestamp>
		<arg name='tids'>6425,6415,6401,6386</arg>
		<arg name='syscalls'>0,0,0,0</arg>
		<arg name='calls'>4807812,4858595,4611637,4888816</arg>
	</msg>
	<msg id='84' display='false' source='tcet'>
		<type>HEARTBEAT</type>
		<severity>INFO</severity>
		<timestamp>Tue Jan 17 10:46:20 2017</timestamp>
		<arg name='tids'>6425,6415,6401,6386</arg>
		<arg name='syscalls'>0,0,0,0</arg>
		<arg name='calls'>4764565,4839635,4855040,4882758</arg>
	</msg>
	<msg id='85' display='false' source='tcet'>
		<type>HEARTBEAT</type>
		<severity>INFO</severity>
		<timestamp>Tue Jan 17 10:46:21 2017</timestamp>
		<arg name='tids'>6425,6415,6401,6386</arg>
		<arg name='syscalls'>0,0,0,0</arg>
		<arg name='calls'>4842507,4804190,4847068,4812618</arg>
	</msg>
	<msg id='86' display='false' source='tcet'>
		<type>HEARTBEAT</type>
		<severity>INFO</severity>
		<timestamp>Tue Jan 17 10:46:22 2017</timestamp>
		<arg name='tids'>6425,6415,6401,6386</arg>
		<arg name='syscalls'>0,0,0,0</arg>
		<arg name='calls'>4776888,4850423,4857059,4832986</arg>
	</msg>
	<msg id='87' display='false' source='tcet'>
		<type>HEARTBEAT</type>
		<severity>INFO</severity>
		<timestamp>Tue Jan 17 10:46:23 2017</timestamp>
		<arg name='tids'>6425,6415,6401,6386</arg>
		<arg name='syscalls'>0,0,0,0</arg>
		<arg name='calls'>4761738,4847307,4842213,4884222</arg>
	</msg>
	<msg id='88' display='false' source='tcet'>
		<type>HEARTBEAT</type>
		<severity>INFO</severity>
		<timestamp>Tue Jan 17 10:46:24 2017</timestamp>
		<arg name='tids'>6425,6415,6401,6386</arg>
		<arg name='syscalls'>0,0,0,0</arg>
		<arg name='calls'>4838281,4845562,4732809,4875476</arg>
	</msg>
	<msg id='89' display='false' source='tcet'>
		<type>HEARTBEAT</type>
		<severity>INFO</severity>
		<timestamp>Tue Jan 17 10:46:25 2017</timestamp>
		<arg name='tids'>6425,6415,6401,6386</arg>
		<arg name='syscalls'>0,0,0,0</arg>
		<arg name='calls'>4741072,4823871,4858416,4879457</arg>
	</msg>
	<msg id='90' display='false' source='tcet'>
		<type>HEARTBEAT</type>
		<severity>INFO</severity>
		<timestamp>Tue Jan 17 10:46:26 2017</timestamp>
		<arg name='tids'>6425,6415,6401,6386</arg>
		<arg name='syscalls'>0,0,0,0</arg>
		<arg name='calls'>4839491,4734200,4838864,4874388</arg>
	</msg>
	<msg id='91' display='false' source='tcet'>
		<type>HEARTBEAT</type>
		<severity>INFO</severity>
		<timestamp>Tue Jan 17 10:46:27 2017</timestamp>
		<arg name='tids'>6425,6415,6401,6386</arg>
		<arg name='syscalls'>0,0,0,0</arg>
		<arg name='calls'>4779768,4851967,4783403,4875377</arg>
	</msg>
	<msg id='92' display='false' source='tcet'>
		<type>HEARTBEAT</type>
		<severity>INFO</severity>
		<timestamp>Tue Jan 17 10:46:28 2017</timestamp>
		<arg name='tids'>6425,6415,6401,6386</arg>
		<arg name='syscalls'>0,0,0,0</arg>
		<arg name='calls'>4707189,4826823,4836302,4865033</arg>
	</msg>
	<msg id='93' display='false' source='tcet'>
		<type>HEARTBEAT</type>
		<severity>INFO</severity>
		<timestamp>Tue Jan 17 10:46:29 2017</timestamp>
		<arg name='tids'>6425,6415,6401,6386</arg>
		<arg name='syscalls'>0,0,0,0</arg>
		<arg name='calls'>4842699,4856511,4812417,4803364</arg>
	</msg>
	<msg id='94' display='false' source='tcet'>
		<type>HEARTBEAT</type>
		<severity>INFO</severity>
		<timestamp>Tue Jan 17 10:46:30 2017</timestamp>
		<arg name='tids'>6445,6425,6415,6401,6386</arg>
		<arg name='syscalls'>0,0,0,0,0</arg>
		<arg name='calls'>481963,4465903,4764861,4655225,4736657</arg>
	</msg>
	<msg id='95' display='false' source='tcet'>
		<type>HEARTBEAT</type>
		<severity>INFO</severity>
		<timestamp>Tue Jan 17 10:46:31 2017</timestamp>
		<arg name='tids'>6445,6425,6415,6401,6386</arg>
		<arg name='syscalls'>0,0,0,0,0</arg>
		<arg name='calls'>3135105,3144552,4837116,4828066,4652159</arg>
	</msg>
	<msg id='96' display='false' source='tcet'>
		<type>HEARTBEAT</type>
		<severity>INFO</severity>
		<timestamp>Tue Jan 17 10:46:32 2017</timestamp>
		<arg name='tids'>6445,6425,6415,6401,6386</arg>
		<arg name='syscalls'>0,0,0,0,0</arg>
		<arg name='calls'>3099993,3814349,4669605,4802170,3836772</arg>
	</msg>
	<msg id='97' display='false' source='tcet'>
		<type>HEARTBEAT</type>
		<severity>INFO</severity>
		<timestamp>Tue Jan 17 10:46:33 2017</timestamp>
		<arg name='tids'>6445,6425,6415,6401,6386</arg>
		<arg name='syscalls'>0,0,0,0,0</arg>
		<arg name='calls'>3146199,4800634,3352552,4801538,8358711</arg>
	</msg>
	<msg id='98' display='false' source='tcet'>
		<type>HEARTBEAT</type>
		<severity>INFO</severity>
		<timestamp>Tue Jan 17 10:46:34 2017</timestamp>
		<arg name='tids'>6445,6425,6415,6401,6386</arg>
		<arg name='syscalls'>0,0,0,0,0</arg>
		<arg name='calls'>3154540,4806474,3145103,4706417,4677255</arg>
	</msg>
	<msg id='99' display='false' source='tcet'>
		<type>HEARTBEAT</type>
		<severity>INFO</severity>
		<timestamp>Tue Jan 17 10:46:35 2017</timestamp>
		<arg name='tids'>6445,6425,6415,6401,6386</arg>
		<arg name='syscalls'>0,0,0,0,0</arg>
		<arg name='calls'>3150204,4439769,3152972,4428770,4716450</arg>
	</msg>
	<msg id='100' display='false' source='tcet'>
		<type>HEARTBEAT</type>
		<severity>INFO</severity>
		<timestamp>Tue Jan 17 10:46:36 2017</timestamp>
		<arg name='tids'>6445,6425,6415,6401,6386</arg>
		<arg name='syscalls'>0,0,0,0,0</arg>
		<arg name='calls'>3118083,3736735,4631694,4157830,4031217</arg>
	</msg>
	<msg id='101' display='false' source='tcet'>
		<type>HEARTBEAT</type>
		<severity>INFO</severity>
		<timestamp>Tue Jan 17 10:46:37 2017</timestamp>
		<arg name='tids'>6445,6425,6415,6401,6386</arg>
		<arg name='syscalls'>0,0,0,0,0</arg>
		<arg name='calls'>3155988,4547479,4815230,4785878,3159536</arg>
	</msg>
	<msg id='102' display='false' source='tcet'>
		<type>HEARTBEAT</type>
		<severity>INFO</severity>
		<timestamp>Tue Jan 17 10:46:38 2017</timestamp>
		<arg name='tids'>6445,6425,6415,6401,6386</arg>
		<arg name='syscalls'>0,0,0,0,0</arg>
		<arg name='calls'>3145862,4581840,4841815,4746537,3158704</arg>
	</msg>
	<msg id='103' display='false' source='tcet'>
		<type>HEARTBEAT</type>
		<severity>INFO</severity>
		<timestamp>Tue Jan 17 10:46:39 2017</timestamp>
		<arg name='tids'>6445,6425,6415,6401,6386</arg>
		<arg name='syscalls'>0,0,0,0,0</arg>
		<arg name='calls'>4562577,3345274,4841398,4711067,3155026</arg>
	</msg>
	<msg id='104' display='false' source='tcet'>
		<type>HEARTBEAT</type>
		<severity>INFO</severity>
		<timestamp>Tue Jan 17 10:46:40 2017</timestamp>
		<arg name='tids'>6445,6425,6415,6401,6386</arg>
		<arg name='syscalls'>0,0,0,0,0</arg>
		<arg name='calls'>4837321,3147867,4846372,4701514,3156974</arg>
	</msg>
	<msg id='105' display='false' source='tcet'>
		<type>HEARTBEAT</type>
		<severity>INFO</severity>
		<timestamp>Tue Jan 17 10:46:41 2017</timestamp>
		<arg name='tids'>6445,6425,6415,6401,6386</arg>
		<arg name='syscalls'>0,0,0,0,0</arg>
		<arg name='calls'>4829919,3129777,4829630,4722006,3157982</arg>
	</msg>
	<msg id='106' display='false' source='tcet'>
		<type>HEARTBEAT</type>
		<severity>INFO</severity>
		<timestamp>Tue Jan 17 10:46:42 2017</timestamp>
		<arg name='tids'>6445,6425,6415,6401,6386</arg>
		<arg name='syscalls'>0,0,0,0,0</arg>
		<arg name='calls'>4728106,3143554,4841051,4809188,3149613</arg>
	</msg>
	<msg id='107' display='false' source='tcet'>
		<type>HEARTBEAT</type>
		<severity>INFO</severity>
		<timestamp>Tue Jan 17 10:46:43 2017</timestamp>
		<arg name='tids'>6445,6425,6415,6401,6386</arg>
		<arg name='syscalls'>0,0,0,0,0</arg>
		<arg name='calls'>4831734,3133573,4842322,4743344,3157248</arg>
	</msg>
	<msg id='108' display='false' source='tcet'>
		<type>HEARTBEAT</type>
		<severity>INFO</severity>
		<timestamp>Tue Jan 17 10:46:44 2017</timestamp>
		<arg name='tids'>6445,6425,6415,6401,6386</arg>
		<arg name='syscalls'>0,0,0,0,0</arg>
		<arg name='calls'>4828321,3142811,4846506,4722949,3152612</arg>
	</msg>
	<msg id='109' display='false' source='tcet'>
		<type>HEARTBEAT</type>
		<severity>INFO</severity>
		<timestamp>Tue Jan 17 10:46:45 2017</timestamp>
		<arg name='tids'>6445,6425,6415,6401,6386</arg>
		<arg name='syscalls'>0,0,0,0,0</arg>
		<arg name='calls'>4833462,4518796,8200263,3348610,4505184</arg>
	</msg>
	<msg id='110' display='false' source='tcet'>
		<type>HEARTBEAT</type>
		<severity>INFO</severity>
		<timestamp>Tue Jan 17 10:46:46 2017</timestamp>
		<arg name='tids'>6445,6425,6415,6401,6386</arg>
		<arg name='syscalls'>0,0,0,0,0</arg>
		<arg name='calls'>4793782,4760291,3156510,3148576,4846386</arg>
	</msg>
	<msg id='111' display='false' source='tcet'>
		<type>HEARTBEAT</type>
		<severity>INFO</severity>
		<timestamp>Tue Jan 17 10:46:47 2017</timestamp>
		<arg name='tids'>6445,6425,6415,6401,6386</arg>
		<arg name='syscalls'>0,0,0,0,0</arg>
		<arg name='calls'>4730624,4855997,3125137,3149392,4805023</arg>
	</msg>
	<msg id='112' display='false' source='tcet'>
		<type>HEARTBEAT</type>
		<severity>INFO</severity>
		<timestamp>Tue Jan 17 10:46:48 2017</timestamp>
		<arg name='tids'>6445,6425,6415,6401,6386</arg>
		<arg name='syscalls'>0,0,0,0,0</arg>
		<arg name='calls'>4701945,4855068,3155733,3153321,4837201</arg>
	</msg>
	<msg id='113' display='false' source='tcet'>
		<type>HEARTBEAT</type>
		<severity>INFO</severity>
		<timestamp>Tue Jan 17 10:46:49 2017</timestamp>
		<arg name='tids'>6445,6425,6415,6401,6386</arg>
		<arg name='syscalls'>0,0,0,0,0</arg>
		<arg name='calls'>4733100,4827730,3159811,3143376,4846736</arg>
	</msg>
	<msg id='114' display='false' source='tcet'>
		<type>HEARTBEAT</type>
		<severity>INFO</severity>
		<timestamp>Tue Jan 17 10:46:50 2017</timestamp>
		<arg name='tids'>6452,6445,6425,6415,6401,6386</arg>
		<arg name='syscalls'>0,0,0,0,0,0</arg>
		<arg name='calls'>401713,4392318,4419974,3014580,6154378,4421892</arg>
	</msg>
	<msg id='115' display='false' source='tcet'>
		<type>HEARTBEAT</type>
		<severity>INFO</severity>
		<timestamp>Tue Jan 17 10:46:51 2017</timestamp>
		<arg name='tids'>6452,6445,6425,6415,6401,6386</arg>
		<arg name='syscalls'>0,0,0,0,0,0</arg>
		<arg name='calls'>3283728,4561182,3297829,3149306,3150284,4521700</arg>
	</msg>
	<msg id='116' display='false' source='tcet'>
		<type>HEARTBEAT</type>
		<severity>INFO</severity>
		<timestamp>Tue Jan 17 10:46:52 2017</timestamp>
		<arg name='tids'>6452,6445,6425,6415,6401,6386</arg>
		<arg name='syscalls'>0,0,0,0,0,0</arg>
		<arg name='calls'>3138355,4707971,3131996,3146783,3097764,4653166</arg>
	</msg>
	<msg id='117' display='false' source='tcet'>
		<type>HEARTBEAT</type>
		<severity>INFO</severity>
		<timestamp>Tue Jan 17 10:46:53 2017</timestamp>
		<arg name='tids'>6452,6445,6425,6415,6401,6386</arg>
		<arg name='syscalls'>0,0,0,0,0,0</arg>
		<arg name='calls'>3141374,4692754,3137951,3146025,3140985,4836303</arg>
	</msg>
	<msg id='118' display='false' source='tcet'>
		<type>HEARTBEAT</type>
		<severity>INFO</severity>
		<timestamp>Tue Jan 17 10:46:54 2017</timestamp>
		<arg name='tids'>6452,6445,6425,6415,6401,6386</arg>
		<arg name='syscalls'>0,0,0,0,0,0</arg>
		<arg name='calls'>3138784,4750775,3130174,3147110,3140157,4820717</arg>
	</msg>
	<msg id='119' display='false' source='tcet'>
		<type>HEARTBEAT</type>
		<severity>INFO</severity>
		<timestamp>Tue Jan 17 10:46:55 2017</timestamp>
		<arg name='tids'>6452,6445,6425,6415,6401,6386</arg>
		<arg name='syscalls'>0,0,0,0,0,0</arg>
		<arg name='calls'>3133944,4766019,3126898,4690690,6269961,3272518</arg>
	</msg>
	<msg id='120' display='false' source='tcet'>
		<type>HEARTBEAT</type>
		<severity>INFO</severity>
		<timestamp>Tue Jan 17 10:46:56 2017</timestamp>
		<arg name='tids'>6452,6445,6425,6415,6401,6386</arg>
		<arg name='syscalls'>0,0,0,0,0,0</arg>
		<arg name='calls'>3138465,4448255,3124025,4567758,3094924,3641250</arg>
	</msg>
	<msg id='121' display='false' source='tcet'>
		<type>HEARTBEAT</type>
		<severity>INFO</severity>
		<timestamp>Tue Jan 17 10:46:57 2017</timestamp>
		<arg name='tids'>6452,6445,6425,6415,6401,6386</arg>
		<arg name='syscalls'>0,0,0,0,0,0</arg>
		<arg name='calls'>3132688,3124718,4609460,4708236,3133654,3338187</arg>
	</msg>
	<msg id='122' display='false' source='tcet'>
		<type>HEARTBEAT</type>
		<severity>INFO</severity>
		<timestamp>Tue Jan 17 10:46:58 2017</timestamp>
		<arg name='tids'>6452,6445,6425,6415,6401,6386</arg>
		<arg name='syscalls'>0,0,0,0,0,0</arg>
		<arg name='calls'>3120248,3136241,4793976,4703364,3162311,3143035</arg>
	</msg>
	<msg id='123' display='false' source='tcet'>
		<type>HEARTBEAT</type>
		<severity>INFO</severity>
		<timestamp>Tue Jan 17 10:46:59 2017</timestamp>
		<arg name='tids'>6452,6445,6425,6415,6401,6386</arg>
		<arg name='syscalls'>0,0,0,0,0,0</arg>
		<arg name='calls'>3112236,3149942,3140260,4711825,4791540,3148641</arg>
	</msg>
	<msg id='124' display='false' source='tcet'>
		<type>HEARTBEAT</type>
		<severity>INFO</severity>
		<timestamp>Tue Jan 17 10:47:00 2017</timestamp>
		<arg name='tids'>6452,6445,6425,6415,6401,6386</arg>
		<arg name='syscalls'>0,0,0,0,0,0</arg>
		<arg name='calls'>3127986,3137427,3185037,4740211,3277539,4439143</arg>
	</msg>
	<msg id='125' display='false' source='tcet'>
		<type>HEARTBEAT</type>
		<severity>INFO</severity>
		<timestamp>Tue Jan 17 10:47:01 2017</timestamp>
		<arg name='tids'>6452,6445,6425,6415,6401,6386</arg>
		<arg name='syscalls'>0,0,0,0,0,0</arg>
		<arg name='calls'>3135008,3128437,3127274,4754652,3124083,4499815</arg>
	</msg>
	<msg id='126' display='false' source='tcet'>
		<type>HEARTBEAT</type>
		<severity>INFO</severity>
		<timestamp>Tue Jan 17 10:47:02 2017</timestamp>
		<arg name='tids'>6452,6445,6425,6415,6401,6386</arg>
		<arg name='syscalls'>0,0,0,0,0,0</arg>
		<arg name='calls'>3091966,3061273,3121012,4655238,7037561,3702560</arg>
	</msg>
	<msg id='127' display='false' source='tcet'>
		<type>HEARTBEAT</type>
		<severity>INFO</severity>
		<timestamp>Tue Jan 17 10:47:03 2017</timestamp>
		<arg name='tids'>6452,6445,6425,6415,6401,6386</arg>
		<arg name='syscalls'>0,0,0,0,0,0</arg>
		<arg name='calls'>3089693,3056697,6209107,4508581,4573805,3101653</arg>
	</msg>
	<msg id='128' display='false' source='tcet'>
		<type>HEARTBEAT</type>
		<severity>INFO</severity>
		<timestamp>Tue Jan 17 10:47:04 2017</timestamp>
		<arg name='tids'>6452,6445,6425,6415,6401,6386</arg>
		<arg name='syscalls'>0,0,0,0,0,0</arg>
		<arg name='calls'>3126693,4234674,3127015,3803131,7649869,3837806</arg>
	</msg>
	<msg id='129' display='false' source='tcet'>
		<type>HEARTBEAT</type>
		<severity>INFO</severity>
		<timestamp>Tue Jan 17 10:47:05 2017</timestamp>
		<arg name='tids'>6452,6445,6425,6415,6401,6386</arg>
		<arg name='syscalls'>0,0,0,0,0,0</arg>
		<arg name='calls'>3212731,4772073,3126189,4491303,3079727,3132381</arg>
	</msg>
	<msg id='130' display='false' source='tcet'>
		<type>HEARTBEAT</type>
		<severity>INFO</severity>
		<timestamp>Tue Jan 17 10:47:06 2017</timestamp>
		<arg name='tids'>6452,6445,6425,6415,6401,6386</arg>
		<arg name='syscalls'>0,0,0,0,0,0</arg>
		<arg name='calls'>4702017,3141354,3070618,3559999,3110376,3992607</arg>
	</msg>
	<msg id='131' display='false' source='tcet'>
		<type>HEARTBEAT</type>
		<severity>INFO</severity>
		<timestamp>Tue Jan 17 10:47:07 2017</timestamp>
		<arg name='tids'>6452,6445,6425,6415,6401,6386</arg>
		<arg name='syscalls'>0,0,0,0,0,0</arg>
		<arg name='calls'>4686649,3133398,3126053,4746594,6249372,3141167</arg>
	</msg>
	<msg id='132' display='false' source='tcet'>
		<type>HEARTBEAT</type>
		<severity>INFO</severity>
		<timestamp>Tue Jan 17 10:47:08 2017</timestamp>
		<arg name='tids'>6452,6445,6425,6415,6401,6386</arg>
		<arg name='syscalls'>0,0,0,0,0,0</arg>
		<arg name='calls'>4664658,3135168,3127476,9433285,3137506,3144801</arg>
	</msg>
	<msg id='133' display='false' source='tcet'>
		<type>HEARTBEAT</type>
		<severity>INFO</severity>
		<timestamp>Tue Jan 17 10:47:09 2017</timestamp>
		<arg name='tids'>6452,6445,6425,6415,6401,6386</arg>
		<arg name='syscalls'>0,0,0,0,0,0</arg>
		<arg name='calls'>4163152,3130520,3085424,3880404,3127397,4557333</arg>
	</msg>
	<msg id='134' display='false' source='tcet'>
		<type>HEARTBEAT</type>
		<severity>INFO</severity>
		<timestamp>Tue Jan 17 10:47:10 2017</timestamp>
		<arg name='tids'>6462,6452,6445,6425,6415,6401,6386</arg>
		<arg name='syscalls'>0,0,0,0,0,0,0</arg>
		<arg name='calls'>136157,8451797,2905948,2895544,2907549,2938786,4445786</arg>
	</msg>
	<msg id='135' display='false' source='tcet'>
		<type>HEARTBEAT</type>
		<severity>INFO</severity>
		<timestamp>Tue Jan 17 10:47:11 2017</timestamp>
		<arg name='tids'>6462,6452,6445,6425,6415,6401,6386</arg>
		<arg name='syscalls'>0,0,0,0,0,0,0</arg>
		<arg name='calls'>3123523,3156735,3106754,3094744,3119347,3113407,4363529</arg>
	</msg>
	<msg id='136' display='false' source='tcet'>
		<type>HEARTBEAT</type>
		<severity>INFO</severity>
		<timestamp>Tue Jan 17 10:47:12 2017</timestamp>
		<arg name='tids'>6462,6452,6445,6425,6415,6401,6386</arg>
		<arg name='syscalls'>0,0,0,0,0,0,0</arg>
		<arg name='calls'>3156946,3138260,3111159,3116813,3135540,3110198,4327303</arg>
	</msg>
	<msg id='137' display='false' source='tcet'>
		<type>HEARTBEAT</type>
		<severity>INFO</severity>
		<timestamp>Tue Jan 17 10:47:13 2017</timestamp>
		<arg name='tids'>6462,6452,6445,6425,6415,6401,6386</arg>
		<arg name='syscalls'>0,0,0,0,0,0,0</arg>
		<arg name='calls'>3138603,3152328,3133239,3142113,3148708,3128812,4664072</arg>
	</msg>
	<msg id='138' display='false' source='tcet'>
		<type>HEARTBEAT</type>
		<severity>INFO</severity>
		<timestamp>Tue Jan 17 10:47:14 2017</timestamp>
		<arg name='tids'>6462,6452,6445,6425,6415,6401,6386</arg>
		<arg name='syscalls'>0,0,0,0,0,0,0</arg>
		<arg name='calls'>3141817,3146779,3130555,3128884,3135354,3134563,4443063</arg>
	</msg>
	<msg id='139' display='false' source='tcet'>
		<type>HEARTBEAT</type>
		<severity>INFO</severity>
		<timestamp>Tue Jan 17 10:47:15 2017</timestamp>
		<arg name='tids'>6462,6452,6445,6425,6415,6401,6386</arg>
		<arg name='syscalls'>0,0,0,0,0,0,0</arg>
		<arg name='calls'>3135641,3126878,3311783,3121551,3130630,3125423,4224748</arg>
	</msg>